ARM GAS  C:\Users\yjiangck\AppData\Local\Temp\ccIXXNC6.s 			page 1


   1              		.cpu cortex-m3
   2              		.eabi_attribute 20, 1
   3              		.eabi_attribute 21, 1
   4              		.eabi_attribute 23, 3
   5              		.eabi_attribute 24, 1
   6              		.eabi_attribute 25, 1
   7              		.eabi_attribute 26, 1
   8              		.eabi_attribute 30, 1
   9              		.eabi_attribute 34, 1
  10              		.eabi_attribute 18, 4
  11              		.file	"main.c"
  12              		.text
  13              	.Ltext0:
  14              		.cfi_sections	.debug_frame
  15              		.section	.text.MX_GPIO_Init,"ax",%progbits
  16              		.align	1
  17              		.arch armv7-m
  18              		.syntax unified
  19              		.thumb
  20              		.thumb_func
  21              		.fpu softvfp
  23              	MX_GPIO_Init:
  24              	.LFB70:
  25              		.file 1 "Core/Src/main.c"
   1:Core/Src/main.c **** /* USER CODE BEGIN Header */
   2:Core/Src/main.c **** /**
   3:Core/Src/main.c ****   ******************************************************************************
   4:Core/Src/main.c ****   * @file           : main.c
   5:Core/Src/main.c ****   * @brief          : Main program body
   6:Core/Src/main.c ****   ******************************************************************************
   7:Core/Src/main.c ****   * @attention
   8:Core/Src/main.c ****   *
   9:Core/Src/main.c ****   * <h2><center>&copy; Copyright (c) 2021 STMicroelectronics.
  10:Core/Src/main.c ****   * All rights reserved.</center></h2>
  11:Core/Src/main.c ****   *
  12:Core/Src/main.c ****   * This software component is licensed by ST under BSD 3-Clause license,
  13:Core/Src/main.c ****   * the "License"; You may not use this file except in compliance with the
  14:Core/Src/main.c ****   * License. You may obtain a copy of the License at:
  15:Core/Src/main.c ****   *                        opensource.org/licenses/BSD-3-Clause
  16:Core/Src/main.c ****   *
  17:Core/Src/main.c ****   ******************************************************************************
  18:Core/Src/main.c ****   */
  19:Core/Src/main.c **** /* USER CODE END Header */
  20:Core/Src/main.c **** /* Includes ------------------------------------------------------------------*/
  21:Core/Src/main.c **** #include "main.h"
  22:Core/Src/main.c **** 
  23:Core/Src/main.c **** /* Private includes ----------------------------------------------------------*/
  24:Core/Src/main.c **** /* USER CODE BEGIN Includes */
  25:Core/Src/main.c **** 
  26:Core/Src/main.c **** /* USER CODE END Includes */
  27:Core/Src/main.c **** 
  28:Core/Src/main.c **** /* Private typedef -----------------------------------------------------------*/
  29:Core/Src/main.c **** /* USER CODE BEGIN PTD */
  30:Core/Src/main.c **** 
  31:Core/Src/main.c **** /* USER CODE END PTD */
  32:Core/Src/main.c **** 
  33:Core/Src/main.c **** /* Private define ------------------------------------------------------------*/
ARM GAS  C:\Users\yjiangck\AppData\Local\Temp\ccIXXNC6.s 			page 2


  34:Core/Src/main.c **** /* USER CODE BEGIN PD */
  35:Core/Src/main.c **** /* USER CODE END PD */
  36:Core/Src/main.c **** 
  37:Core/Src/main.c **** /* Private macro -------------------------------------------------------------*/
  38:Core/Src/main.c **** /* USER CODE BEGIN PM */
  39:Core/Src/main.c **** 
  40:Core/Src/main.c **** /* USER CODE END PM */
  41:Core/Src/main.c **** 
  42:Core/Src/main.c **** /* Private variables ---------------------------------------------------------*/
  43:Core/Src/main.c **** TIM_HandleTypeDef htim2;
  44:Core/Src/main.c **** 
  45:Core/Src/main.c **** UART_HandleTypeDef huart1;
  46:Core/Src/main.c **** 
  47:Core/Src/main.c **** /* USER CODE BEGIN PV */
  48:Core/Src/main.c **** 
  49:Core/Src/main.c **** /* USER CODE END PV */
  50:Core/Src/main.c **** 
  51:Core/Src/main.c **** /* Private function prototypes -----------------------------------------------*/
  52:Core/Src/main.c **** void SystemClock_Config(void);
  53:Core/Src/main.c **** static void MX_GPIO_Init(void);
  54:Core/Src/main.c **** static void MX_TIM2_Init(void);
  55:Core/Src/main.c **** static void MX_USART1_UART_Init(void);
  56:Core/Src/main.c **** /* USER CODE BEGIN PFP */
  57:Core/Src/main.c **** 
  58:Core/Src/main.c **** /* USER CODE END PFP */
  59:Core/Src/main.c **** 
  60:Core/Src/main.c **** /* Private user code ---------------------------------------------------------*/
  61:Core/Src/main.c **** /* USER CODE BEGIN 0 */
  62:Core/Src/main.c **** void solve(uint8_t *input, uint8_t output[64], int *a, int *b, int *s)
  63:Core/Src/main.c **** {
  64:Core/Src/main.c ****   if (*input == '#') // calculate a + b and output
  65:Core/Src/main.c ****   {
  66:Core/Src/main.c ****     int c, c_l = 0;
  67:Core/Src/main.c ****     for (int i = 0; i < 64; i++)
  68:Core/Src/main.c ****     {
  69:Core/Src/main.c ****       output[i] = '\0';
  70:Core/Src/main.c ****     }
  71:Core/Src/main.c ****     c = *a + *b;                // c = a + b
  72:Core/Src/main.c ****     for (int d = c; d; d /= 10) // get the length of c
  73:Core/Src/main.c ****     {
  74:Core/Src/main.c ****       c_l++;
  75:Core/Src/main.c ****     }
  76:Core/Src/main.c **** 
  77:Core/Src/main.c ****     output[0] = '!';
  78:Core/Src/main.c ****     output[c_l + 1] = '#';
  79:Core/Src/main.c ****     for (int i = c_l; i >= 1; i--) // generate output array
  80:Core/Src/main.c ****     {
  81:Core/Src/main.c ****       output[i] = c % 10 + '0';
  82:Core/Src/main.c ****       c /= 10;
  83:Core/Src/main.c ****     }
  84:Core/Src/main.c **** 
  85:Core/Src/main.c ****     HAL_UART_Transmit(&huart1, output, c_l + 2, 100); // output the result
  86:Core/Src/main.c **** 
  87:Core/Src/main.c ****     *s = 0, *a = 0, *b = 0;
  88:Core/Src/main.c ****   }
  89:Core/Src/main.c ****   else if (*input == '!') // begin to collect variable a
  90:Core/Src/main.c ****   {
ARM GAS  C:\Users\yjiangck\AppData\Local\Temp\ccIXXNC6.s 			page 3


  91:Core/Src/main.c ****     *s = 1;
  92:Core/Src/main.c ****   }
  93:Core/Src/main.c ****   else if (*input == ':') // begin to collect variable b
  94:Core/Src/main.c ****   {
  95:Core/Src/main.c ****     *s = 2;
  96:Core/Src/main.c ****   }
  97:Core/Src/main.c ****   else if (*s == 1) // collect and store variable a
  98:Core/Src/main.c ****   {
  99:Core/Src/main.c ****     *a = *a * 10 + (*input - '0');
 100:Core/Src/main.c ****   }
 101:Core/Src/main.c ****   else if (*s == 2) // collect and store variable b
 102:Core/Src/main.c ****   {
 103:Core/Src/main.c ****     *b = *b * 10 + (*input - '0');
 104:Core/Src/main.c ****   }
 105:Core/Src/main.c **** }
 106:Core/Src/main.c **** /* USER CODE END 0 */
 107:Core/Src/main.c **** 
 108:Core/Src/main.c **** /**
 109:Core/Src/main.c ****   * @brief  The application entry point.
 110:Core/Src/main.c ****   * @retval int
 111:Core/Src/main.c ****   */
 112:Core/Src/main.c **** int main(void)
 113:Core/Src/main.c **** {
 114:Core/Src/main.c ****   /* USER CODE BEGIN 1 */
 115:Core/Src/main.c **** 
 116:Core/Src/main.c ****   /* USER CODE END 1 */
 117:Core/Src/main.c **** 
 118:Core/Src/main.c ****   /* MCU Configuration--------------------------------------------------------*/
 119:Core/Src/main.c **** 
 120:Core/Src/main.c ****   /* Reset of all peripherals, Initializes the Flash interface and the Systick. */
 121:Core/Src/main.c ****   HAL_Init();
 122:Core/Src/main.c **** 
 123:Core/Src/main.c ****   /* USER CODE BEGIN Init */
 124:Core/Src/main.c **** 
 125:Core/Src/main.c ****   /* USER CODE END Init */
 126:Core/Src/main.c **** 
 127:Core/Src/main.c ****   /* Configure the system clock */
 128:Core/Src/main.c ****   SystemClock_Config();
 129:Core/Src/main.c **** 
 130:Core/Src/main.c ****   /* USER CODE BEGIN SysInit */
 131:Core/Src/main.c **** 
 132:Core/Src/main.c ****   /* USER CODE END SysInit */
 133:Core/Src/main.c **** 
 134:Core/Src/main.c ****   /* Initialize all configured peripherals */
 135:Core/Src/main.c ****   MX_GPIO_Init();
 136:Core/Src/main.c ****   MX_TIM2_Init();
 137:Core/Src/main.c ****   MX_USART1_UART_Init();
 138:Core/Src/main.c ****   /* USER CODE BEGIN 2 */
 139:Core/Src/main.c ****   int a = 0, b = 0, s = 0;
 140:Core/Src/main.c **** 
 141:Core/Src/main.c ****   /* USER CODE END 2 */
 142:Core/Src/main.c **** 
 143:Core/Src/main.c ****   /* Infinite loop */
 144:Core/Src/main.c ****   /* USER CODE BEGIN WHILE */
 145:Core/Src/main.c ****   while (1)
 146:Core/Src/main.c ****   {
 147:Core/Src/main.c ****     /* USER CODE END WHILE */
ARM GAS  C:\Users\yjiangck\AppData\Local\Temp\ccIXXNC6.s 			page 4


 148:Core/Src/main.c **** 
 149:Core/Src/main.c ****     /* USER CODE BEGIN 3 */
 150:Core/Src/main.c ****     uint8_t input[1] = {'\0'};
 151:Core/Src/main.c ****     uint8_t output[64] = {'\0'};
 152:Core/Src/main.c ****     while (HAL_UART_Receive(&huart1, input, 1, 100) == HAL_OK)
 153:Core/Src/main.c ****     {
 154:Core/Src/main.c ****       HAL_UART_Transmit(&huart1, input, 1, 100);
 155:Core/Src/main.c ****       solve(input, output, &a, &b, &s);
 156:Core/Src/main.c ****     }
 157:Core/Src/main.c ****     input[0] = '\0';
 158:Core/Src/main.c ****     HAL_Delay(1);
 159:Core/Src/main.c ****   }
 160:Core/Src/main.c ****   /* USER CODE END 3 */
 161:Core/Src/main.c **** }
 162:Core/Src/main.c **** 
 163:Core/Src/main.c **** /**
 164:Core/Src/main.c ****   * @brief System Clock Configuration
 165:Core/Src/main.c ****   * @retval None
 166:Core/Src/main.c ****   */
 167:Core/Src/main.c **** void SystemClock_Config(void)
 168:Core/Src/main.c **** {
 169:Core/Src/main.c ****   RCC_OscInitTypeDef RCC_OscInitStruct = {0};
 170:Core/Src/main.c ****   RCC_ClkInitTypeDef RCC_ClkInitStruct = {0};
 171:Core/Src/main.c **** 
 172:Core/Src/main.c ****   /** Initializes the RCC Oscillators according to the specified parameters
 173:Core/Src/main.c ****   * in the RCC_OscInitTypeDef structure.
 174:Core/Src/main.c ****   */
 175:Core/Src/main.c ****   RCC_OscInitStruct.OscillatorType = RCC_OSCILLATORTYPE_HSE;
 176:Core/Src/main.c ****   RCC_OscInitStruct.HSEState = RCC_HSE_ON;
 177:Core/Src/main.c ****   RCC_OscInitStruct.HSEPredivValue = RCC_HSE_PREDIV_DIV1;
 178:Core/Src/main.c ****   RCC_OscInitStruct.HSIState = RCC_HSI_ON;
 179:Core/Src/main.c ****   RCC_OscInitStruct.PLL.PLLState = RCC_PLL_ON;
 180:Core/Src/main.c ****   RCC_OscInitStruct.PLL.PLLSource = RCC_PLLSOURCE_HSE;
 181:Core/Src/main.c ****   RCC_OscInitStruct.PLL.PLLMUL = RCC_PLL_MUL9;
 182:Core/Src/main.c ****   if (HAL_RCC_OscConfig(&RCC_OscInitStruct) != HAL_OK)
 183:Core/Src/main.c ****   {
 184:Core/Src/main.c ****     Error_Handler();
 185:Core/Src/main.c ****   }
 186:Core/Src/main.c ****   /** Initializes the CPU, AHB and APB buses clocks
 187:Core/Src/main.c ****   */
 188:Core/Src/main.c ****   RCC_ClkInitStruct.ClockType = RCC_CLOCKTYPE_HCLK | RCC_CLOCKTYPE_SYSCLK | RCC_CLOCKTYPE_PCLK1 | R
 189:Core/Src/main.c ****   RCC_ClkInitStruct.SYSCLKSource = RCC_SYSCLKSOURCE_PLLCLK;
 190:Core/Src/main.c ****   RCC_ClkInitStruct.AHBCLKDivider = RCC_SYSCLK_DIV1;
 191:Core/Src/main.c ****   RCC_ClkInitStruct.APB1CLKDivider = RCC_HCLK_DIV2;
 192:Core/Src/main.c ****   RCC_ClkInitStruct.APB2CLKDivider = RCC_HCLK_DIV1;
 193:Core/Src/main.c **** 
 194:Core/Src/main.c ****   if (HAL_RCC_ClockConfig(&RCC_ClkInitStruct, FLASH_LATENCY_2) != HAL_OK)
 195:Core/Src/main.c ****   {
 196:Core/Src/main.c ****     Error_Handler();
 197:Core/Src/main.c ****   }
 198:Core/Src/main.c **** }
 199:Core/Src/main.c **** 
 200:Core/Src/main.c **** /**
 201:Core/Src/main.c ****   * @brief TIM2 Initialization Function
 202:Core/Src/main.c ****   * @param None
 203:Core/Src/main.c ****   * @retval None
 204:Core/Src/main.c ****   */
ARM GAS  C:\Users\yjiangck\AppData\Local\Temp\ccIXXNC6.s 			page 5


 205:Core/Src/main.c **** static void MX_TIM2_Init(void)
 206:Core/Src/main.c **** {
 207:Core/Src/main.c **** 
 208:Core/Src/main.c ****   /* USER CODE BEGIN TIM2_Init 0 */
 209:Core/Src/main.c **** 
 210:Core/Src/main.c ****   /* USER CODE END TIM2_Init 0 */
 211:Core/Src/main.c **** 
 212:Core/Src/main.c ****   TIM_MasterConfigTypeDef sMasterConfig = {0};
 213:Core/Src/main.c ****   TIM_OC_InitTypeDef sConfigOC = {0};
 214:Core/Src/main.c **** 
 215:Core/Src/main.c ****   /* USER CODE BEGIN TIM2_Init 1 */
 216:Core/Src/main.c **** 
 217:Core/Src/main.c ****   /* USER CODE END TIM2_Init 1 */
 218:Core/Src/main.c ****   htim2.Instance = TIM2;
 219:Core/Src/main.c ****   htim2.Init.Prescaler = 71;
 220:Core/Src/main.c ****   htim2.Init.CounterMode = TIM_COUNTERMODE_UP;
 221:Core/Src/main.c ****   htim2.Init.Period = 20000;
 222:Core/Src/main.c ****   htim2.Init.ClockDivision = TIM_CLOCKDIVISION_DIV1;
 223:Core/Src/main.c ****   htim2.Init.AutoReloadPreload = TIM_AUTORELOAD_PRELOAD_DISABLE;
 224:Core/Src/main.c ****   if (HAL_TIM_PWM_Init(&htim2) != HAL_OK)
 225:Core/Src/main.c ****   {
 226:Core/Src/main.c ****     Error_Handler();
 227:Core/Src/main.c ****   }
 228:Core/Src/main.c ****   sMasterConfig.MasterOutputTrigger = TIM_TRGO_RESET;
 229:Core/Src/main.c ****   sMasterConfig.MasterSlaveMode = TIM_MASTERSLAVEMODE_DISABLE;
 230:Core/Src/main.c ****   if (HAL_TIMEx_MasterConfigSynchronization(&htim2, &sMasterConfig) != HAL_OK)
 231:Core/Src/main.c ****   {
 232:Core/Src/main.c ****     Error_Handler();
 233:Core/Src/main.c ****   }
 234:Core/Src/main.c ****   sConfigOC.OCMode = TIM_OCMODE_PWM1;
 235:Core/Src/main.c ****   sConfigOC.Pulse = 1000;
 236:Core/Src/main.c ****   sConfigOC.OCPolarity = TIM_OCPOLARITY_HIGH;
 237:Core/Src/main.c ****   sConfigOC.OCFastMode = TIM_OCFAST_DISABLE;
 238:Core/Src/main.c ****   if (HAL_TIM_PWM_ConfigChannel(&htim2, &sConfigOC, TIM_CHANNEL_1) != HAL_OK)
 239:Core/Src/main.c ****   {
 240:Core/Src/main.c ****     Error_Handler();
 241:Core/Src/main.c ****   }
 242:Core/Src/main.c ****   /* USER CODE BEGIN TIM2_Init 2 */
 243:Core/Src/main.c **** 
 244:Core/Src/main.c ****   /* USER CODE END TIM2_Init 2 */
 245:Core/Src/main.c ****   HAL_TIM_MspPostInit(&htim2);
 246:Core/Src/main.c **** }
 247:Core/Src/main.c **** 
 248:Core/Src/main.c **** /**
 249:Core/Src/main.c ****   * @brief USART1 Initialization Function
 250:Core/Src/main.c ****   * @param None
 251:Core/Src/main.c ****   * @retval None
 252:Core/Src/main.c ****   */
 253:Core/Src/main.c **** static void MX_USART1_UART_Init(void)
 254:Core/Src/main.c **** {
 255:Core/Src/main.c **** 
 256:Core/Src/main.c ****   /* USER CODE BEGIN USART1_Init 0 */
 257:Core/Src/main.c **** 
 258:Core/Src/main.c ****   /* USER CODE END USART1_Init 0 */
 259:Core/Src/main.c **** 
 260:Core/Src/main.c ****   /* USER CODE BEGIN USART1_Init 1 */
 261:Core/Src/main.c **** 
ARM GAS  C:\Users\yjiangck\AppData\Local\Temp\ccIXXNC6.s 			page 6


 262:Core/Src/main.c ****   /* USER CODE END USART1_Init 1 */
 263:Core/Src/main.c ****   huart1.Instance = USART1;
 264:Core/Src/main.c ****   huart1.Init.BaudRate = 9600;
 265:Core/Src/main.c ****   huart1.Init.WordLength = UART_WORDLENGTH_9B;
 266:Core/Src/main.c ****   huart1.Init.StopBits = UART_STOPBITS_1;
 267:Core/Src/main.c ****   huart1.Init.Parity = UART_PARITY_EVEN;
 268:Core/Src/main.c ****   huart1.Init.Mode = UART_MODE_TX_RX;
 269:Core/Src/main.c ****   huart1.Init.HwFlowCtl = UART_HWCONTROL_NONE;
 270:Core/Src/main.c ****   huart1.Init.OverSampling = UART_OVERSAMPLING_16;
 271:Core/Src/main.c ****   if (HAL_UART_Init(&huart1) != HAL_OK)
 272:Core/Src/main.c ****   {
 273:Core/Src/main.c ****     Error_Handler();
 274:Core/Src/main.c ****   }
 275:Core/Src/main.c ****   /* USER CODE BEGIN USART1_Init 2 */
 276:Core/Src/main.c **** 
 277:Core/Src/main.c ****   /* USER CODE END USART1_Init 2 */
 278:Core/Src/main.c **** }
 279:Core/Src/main.c **** 
 280:Core/Src/main.c **** /**
 281:Core/Src/main.c ****   * @brief GPIO Initialization Function
 282:Core/Src/main.c ****   * @param None
 283:Core/Src/main.c ****   * @retval None
 284:Core/Src/main.c ****   */
 285:Core/Src/main.c **** static void MX_GPIO_Init(void)
 286:Core/Src/main.c **** {
  26              		.loc 1 286 1 view -0
  27              		.cfi_startproc
  28              		@ args = 0, pretend = 0, frame = 32
  29              		@ frame_needed = 0, uses_anonymous_args = 0
  30 0000 2DE9F043 		push	{r4, r5, r6, r7, r8, r9, lr}
  31              	.LCFI0:
  32              		.cfi_def_cfa_offset 28
  33              		.cfi_offset 4, -28
  34              		.cfi_offset 5, -24
  35              		.cfi_offset 6, -20
  36              		.cfi_offset 7, -16
  37              		.cfi_offset 8, -12
  38              		.cfi_offset 9, -8
  39              		.cfi_offset 14, -4
  40 0004 89B0     		sub	sp, sp, #36
  41              	.LCFI1:
  42              		.cfi_def_cfa_offset 64
 287:Core/Src/main.c ****   GPIO_InitTypeDef GPIO_InitStruct = {0};
  43              		.loc 1 287 3 view .LVU1
  44              		.loc 1 287 20 is_stmt 0 view .LVU2
  45 0006 0024     		movs	r4, #0
  46 0008 0494     		str	r4, [sp, #16]
  47 000a 0594     		str	r4, [sp, #20]
  48 000c 0694     		str	r4, [sp, #24]
  49 000e 0794     		str	r4, [sp, #28]
 288:Core/Src/main.c **** 
 289:Core/Src/main.c ****   /* GPIO Ports Clock Enable */
 290:Core/Src/main.c ****   __HAL_RCC_GPIOC_CLK_ENABLE();
  50              		.loc 1 290 3 is_stmt 1 view .LVU3
  51              	.LBB4:
  52              		.loc 1 290 3 view .LVU4
  53              		.loc 1 290 3 view .LVU5
ARM GAS  C:\Users\yjiangck\AppData\Local\Temp\ccIXXNC6.s 			page 7


  54 0010 2F4B     		ldr	r3, .L3
  55 0012 9A69     		ldr	r2, [r3, #24]
  56 0014 42F01002 		orr	r2, r2, #16
  57 0018 9A61     		str	r2, [r3, #24]
  58              		.loc 1 290 3 view .LVU6
  59 001a 9A69     		ldr	r2, [r3, #24]
  60 001c 02F01002 		and	r2, r2, #16
  61 0020 0092     		str	r2, [sp]
  62              		.loc 1 290 3 view .LVU7
  63 0022 009A     		ldr	r2, [sp]
  64              	.LBE4:
  65              		.loc 1 290 3 view .LVU8
 291:Core/Src/main.c ****   __HAL_RCC_GPIOD_CLK_ENABLE();
  66              		.loc 1 291 3 view .LVU9
  67              	.LBB5:
  68              		.loc 1 291 3 view .LVU10
  69              		.loc 1 291 3 view .LVU11
  70 0024 9A69     		ldr	r2, [r3, #24]
  71 0026 42F02002 		orr	r2, r2, #32
  72 002a 9A61     		str	r2, [r3, #24]
  73              		.loc 1 291 3 view .LVU12
  74 002c 9A69     		ldr	r2, [r3, #24]
  75 002e 02F02002 		and	r2, r2, #32
  76 0032 0192     		str	r2, [sp, #4]
  77              		.loc 1 291 3 view .LVU13
  78 0034 019A     		ldr	r2, [sp, #4]
  79              	.LBE5:
  80              		.loc 1 291 3 view .LVU14
 292:Core/Src/main.c ****   __HAL_RCC_GPIOA_CLK_ENABLE();
  81              		.loc 1 292 3 view .LVU15
  82              	.LBB6:
  83              		.loc 1 292 3 view .LVU16
  84              		.loc 1 292 3 view .LVU17
  85 0036 9A69     		ldr	r2, [r3, #24]
  86 0038 42F00402 		orr	r2, r2, #4
  87 003c 9A61     		str	r2, [r3, #24]
  88              		.loc 1 292 3 view .LVU18
  89 003e 9A69     		ldr	r2, [r3, #24]
  90 0040 02F00402 		and	r2, r2, #4
  91 0044 0292     		str	r2, [sp, #8]
  92              		.loc 1 292 3 view .LVU19
  93 0046 029A     		ldr	r2, [sp, #8]
  94              	.LBE6:
  95              		.loc 1 292 3 view .LVU20
 293:Core/Src/main.c ****   __HAL_RCC_GPIOB_CLK_ENABLE();
  96              		.loc 1 293 3 view .LVU21
  97              	.LBB7:
  98              		.loc 1 293 3 view .LVU22
  99              		.loc 1 293 3 view .LVU23
 100 0048 9A69     		ldr	r2, [r3, #24]
 101 004a 42F00802 		orr	r2, r2, #8
 102 004e 9A61     		str	r2, [r3, #24]
 103              		.loc 1 293 3 view .LVU24
 104 0050 9B69     		ldr	r3, [r3, #24]
 105 0052 03F00803 		and	r3, r3, #8
 106 0056 0393     		str	r3, [sp, #12]
 107              		.loc 1 293 3 view .LVU25
ARM GAS  C:\Users\yjiangck\AppData\Local\Temp\ccIXXNC6.s 			page 8


 108 0058 039B     		ldr	r3, [sp, #12]
 109              	.LBE7:
 110              		.loc 1 293 3 view .LVU26
 294:Core/Src/main.c **** 
 295:Core/Src/main.c ****   /*Configure GPIO pin Output Level */
 296:Core/Src/main.c ****   HAL_GPIO_WritePin(LED_GPIO_Port, LED_Pin, GPIO_PIN_RESET);
 111              		.loc 1 296 3 view .LVU27
 112 005a DFF87890 		ldr	r9, .L3+4
 113 005e 2246     		mov	r2, r4
 114 0060 4FF40051 		mov	r1, #8192
 115 0064 4846     		mov	r0, r9
 116 0066 FFF7FEFF 		bl	HAL_GPIO_WritePin
 117              	.LVL0:
 297:Core/Src/main.c **** 
 298:Core/Src/main.c ****   /*Configure GPIO pin Output Level */
 299:Core/Src/main.c ****   HAL_GPIO_WritePin(LEDB12_GPIO_Port, LEDB12_Pin, GPIO_PIN_RESET);
 118              		.loc 1 299 3 view .LVU28
 119 006a DFF86C80 		ldr	r8, .L3+8
 120 006e 2246     		mov	r2, r4
 121 0070 4FF48051 		mov	r1, #4096
 122 0074 4046     		mov	r0, r8
 123 0076 FFF7FEFF 		bl	HAL_GPIO_WritePin
 124              	.LVL1:
 300:Core/Src/main.c **** 
 301:Core/Src/main.c ****   /*Configure GPIO pin Output Level */
 302:Core/Src/main.c ****   HAL_GPIO_WritePin(BTN_GPIO_Port, BTN_Pin, GPIO_PIN_RESET);
 125              		.loc 1 302 3 view .LVU29
 126 007a 184F     		ldr	r7, .L3+12
 127 007c 2246     		mov	r2, r4
 128 007e 4FF40071 		mov	r1, #512
 129 0082 3846     		mov	r0, r7
 130 0084 FFF7FEFF 		bl	HAL_GPIO_WritePin
 131              	.LVL2:
 303:Core/Src/main.c **** 
 304:Core/Src/main.c ****   /*Configure GPIO pin : LED_Pin */
 305:Core/Src/main.c ****   GPIO_InitStruct.Pin = LED_Pin;
 132              		.loc 1 305 3 view .LVU30
 133              		.loc 1 305 23 is_stmt 0 view .LVU31
 134 0088 4FF40053 		mov	r3, #8192
 135 008c 0493     		str	r3, [sp, #16]
 306:Core/Src/main.c ****   GPIO_InitStruct.Mode = GPIO_MODE_OUTPUT_PP;
 136              		.loc 1 306 3 is_stmt 1 view .LVU32
 137              		.loc 1 306 24 is_stmt 0 view .LVU33
 138 008e 0126     		movs	r6, #1
 139 0090 0596     		str	r6, [sp, #20]
 307:Core/Src/main.c ****   GPIO_InitStruct.Pull = GPIO_NOPULL;
 140              		.loc 1 307 3 is_stmt 1 view .LVU34
 141              		.loc 1 307 24 is_stmt 0 view .LVU35
 142 0092 0694     		str	r4, [sp, #24]
 308:Core/Src/main.c ****   GPIO_InitStruct.Speed = GPIO_SPEED_FREQ_LOW;
 143              		.loc 1 308 3 is_stmt 1 view .LVU36
 144              		.loc 1 308 25 is_stmt 0 view .LVU37
 145 0094 0225     		movs	r5, #2
 146 0096 0795     		str	r5, [sp, #28]
 309:Core/Src/main.c ****   HAL_GPIO_Init(LED_GPIO_Port, &GPIO_InitStruct);
 147              		.loc 1 309 3 is_stmt 1 view .LVU38
 148 0098 04A9     		add	r1, sp, #16
ARM GAS  C:\Users\yjiangck\AppData\Local\Temp\ccIXXNC6.s 			page 9


 149 009a 4846     		mov	r0, r9
 150 009c FFF7FEFF 		bl	HAL_GPIO_Init
 151              	.LVL3:
 310:Core/Src/main.c **** 
 311:Core/Src/main.c ****   /*Configure GPIO pin : LEDB12_Pin */
 312:Core/Src/main.c ****   GPIO_InitStruct.Pin = LEDB12_Pin;
 152              		.loc 1 312 3 view .LVU39
 153              		.loc 1 312 23 is_stmt 0 view .LVU40
 154 00a0 4FF48053 		mov	r3, #4096
 155 00a4 0493     		str	r3, [sp, #16]
 313:Core/Src/main.c ****   GPIO_InitStruct.Mode = GPIO_MODE_OUTPUT_PP;
 156              		.loc 1 313 3 is_stmt 1 view .LVU41
 157              		.loc 1 313 24 is_stmt 0 view .LVU42
 158 00a6 0596     		str	r6, [sp, #20]
 314:Core/Src/main.c ****   GPIO_InitStruct.Pull = GPIO_NOPULL;
 159              		.loc 1 314 3 is_stmt 1 view .LVU43
 160              		.loc 1 314 24 is_stmt 0 view .LVU44
 161 00a8 0694     		str	r4, [sp, #24]
 315:Core/Src/main.c ****   GPIO_InitStruct.Speed = GPIO_SPEED_FREQ_LOW;
 162              		.loc 1 315 3 is_stmt 1 view .LVU45
 163              		.loc 1 315 25 is_stmt 0 view .LVU46
 164 00aa 0795     		str	r5, [sp, #28]
 316:Core/Src/main.c ****   HAL_GPIO_Init(LEDB12_GPIO_Port, &GPIO_InitStruct);
 165              		.loc 1 316 3 is_stmt 1 view .LVU47
 166 00ac 04A9     		add	r1, sp, #16
 167 00ae 4046     		mov	r0, r8
 168 00b0 FFF7FEFF 		bl	HAL_GPIO_Init
 169              	.LVL4:
 317:Core/Src/main.c **** 
 318:Core/Src/main.c ****   /*Configure GPIO pin : BTN_Pin */
 319:Core/Src/main.c ****   GPIO_InitStruct.Pin = BTN_Pin;
 170              		.loc 1 319 3 view .LVU48
 171              		.loc 1 319 23 is_stmt 0 view .LVU49
 172 00b4 4FF40073 		mov	r3, #512
 173 00b8 0493     		str	r3, [sp, #16]
 320:Core/Src/main.c ****   GPIO_InitStruct.Mode = GPIO_MODE_OUTPUT_PP;
 174              		.loc 1 320 3 is_stmt 1 view .LVU50
 175              		.loc 1 320 24 is_stmt 0 view .LVU51
 176 00ba 0596     		str	r6, [sp, #20]
 321:Core/Src/main.c ****   GPIO_InitStruct.Pull = GPIO_NOPULL;
 177              		.loc 1 321 3 is_stmt 1 view .LVU52
 178              		.loc 1 321 24 is_stmt 0 view .LVU53
 179 00bc 0694     		str	r4, [sp, #24]
 322:Core/Src/main.c ****   GPIO_InitStruct.Speed = GPIO_SPEED_FREQ_LOW;
 180              		.loc 1 322 3 is_stmt 1 view .LVU54
 181              		.loc 1 322 25 is_stmt 0 view .LVU55
 182 00be 0795     		str	r5, [sp, #28]
 323:Core/Src/main.c ****   HAL_GPIO_Init(BTN_GPIO_Port, &GPIO_InitStruct);
 183              		.loc 1 323 3 is_stmt 1 view .LVU56
 184 00c0 04A9     		add	r1, sp, #16
 185 00c2 3846     		mov	r0, r7
 186 00c4 FFF7FEFF 		bl	HAL_GPIO_Init
 187              	.LVL5:
 324:Core/Src/main.c **** }
 188              		.loc 1 324 1 is_stmt 0 view .LVU57
 189 00c8 09B0     		add	sp, sp, #36
 190              	.LCFI2:
ARM GAS  C:\Users\yjiangck\AppData\Local\Temp\ccIXXNC6.s 			page 10


 191              		.cfi_def_cfa_offset 28
 192              		@ sp needed
 193 00ca BDE8F083 		pop	{r4, r5, r6, r7, r8, r9, pc}
 194              	.L4:
 195 00ce 00BF     		.align	2
 196              	.L3:
 197 00d0 00100240 		.word	1073876992
 198 00d4 00100140 		.word	1073811456
 199 00d8 000C0140 		.word	1073810432
 200 00dc 00080140 		.word	1073809408
 201              		.cfi_endproc
 202              	.LFE70:
 204              		.section	.text.solve,"ax",%progbits
 205              		.align	1
 206              		.global	solve
 207              		.syntax unified
 208              		.thumb
 209              		.thumb_func
 210              		.fpu softvfp
 212              	solve:
 213              	.LVL6:
 214              	.LFB65:
  63:Core/Src/main.c ****   if (*input == '#') // calculate a + b and output
 215              		.loc 1 63 1 is_stmt 1 view -0
 216              		.cfi_startproc
 217              		@ args = 4, pretend = 0, frame = 0
 218              		@ frame_needed = 0, uses_anonymous_args = 0
  63:Core/Src/main.c ****   if (*input == '#') // calculate a + b and output
 219              		.loc 1 63 1 is_stmt 0 view .LVU59
 220 0000 38B5     		push	{r3, r4, r5, lr}
 221              	.LCFI3:
 222              		.cfi_def_cfa_offset 16
 223              		.cfi_offset 3, -16
 224              		.cfi_offset 4, -12
 225              		.cfi_offset 5, -8
 226              		.cfi_offset 14, -4
 227 0002 1446     		mov	r4, r2
 228 0004 1D46     		mov	r5, r3
  64:Core/Src/main.c ****   {
 229              		.loc 1 64 3 is_stmt 1 view .LVU60
  64:Core/Src/main.c ****   {
 230              		.loc 1 64 7 is_stmt 0 view .LVU61
 231 0006 0378     		ldrb	r3, [r0]	@ zero_extendqisi2
 232              	.LVL7:
  64:Core/Src/main.c ****   {
 233              		.loc 1 64 6 view .LVU62
 234 0008 232B     		cmp	r3, #35
 235 000a 1FD0     		beq	.L20
  89:Core/Src/main.c ****   {
 236              		.loc 1 89 8 is_stmt 1 view .LVU63
  89:Core/Src/main.c ****   {
 237              		.loc 1 89 11 is_stmt 0 view .LVU64
 238 000c 212B     		cmp	r3, #33
 239 000e 4FD0     		beq	.L21
  93:Core/Src/main.c ****   {
 240              		.loc 1 93 8 is_stmt 1 view .LVU65
  93:Core/Src/main.c ****   {
ARM GAS  C:\Users\yjiangck\AppData\Local\Temp\ccIXXNC6.s 			page 11


 241              		.loc 1 93 11 is_stmt 0 view .LVU66
 242 0010 3A2B     		cmp	r3, #58
 243 0012 51D0     		beq	.L22
  97:Core/Src/main.c ****   {
 244              		.loc 1 97 8 is_stmt 1 view .LVU67
  97:Core/Src/main.c ****   {
 245              		.loc 1 97 12 is_stmt 0 view .LVU68
 246 0014 049A     		ldr	r2, [sp, #16]
 247              	.LVL8:
  97:Core/Src/main.c ****   {
 248              		.loc 1 97 12 view .LVU69
 249 0016 1268     		ldr	r2, [r2]
  97:Core/Src/main.c ****   {
 250              		.loc 1 97 11 view .LVU70
 251 0018 012A     		cmp	r2, #1
 252 001a 51D0     		beq	.L23
 101:Core/Src/main.c ****   {
 253              		.loc 1 101 8 is_stmt 1 view .LVU71
 101:Core/Src/main.c ****   {
 254              		.loc 1 101 11 is_stmt 0 view .LVU72
 255 001c 022A     		cmp	r2, #2
 256 001e 46D1     		bne	.L5
 103:Core/Src/main.c ****   }
 257              		.loc 1 103 5 is_stmt 1 view .LVU73
 103:Core/Src/main.c ****   }
 258              		.loc 1 103 10 is_stmt 0 view .LVU74
 259 0020 2A68     		ldr	r2, [r5]
 103:Core/Src/main.c ****   }
 260              		.loc 1 103 13 view .LVU75
 261 0022 02EB8202 		add	r2, r2, r2, lsl #2
 103:Core/Src/main.c ****   }
 262              		.loc 1 103 28 view .LVU76
 263 0026 303B     		subs	r3, r3, #48
 103:Core/Src/main.c ****   }
 264              		.loc 1 103 18 view .LVU77
 265 0028 03EB4203 		add	r3, r3, r2, lsl #1
 103:Core/Src/main.c ****   }
 266              		.loc 1 103 8 view .LVU78
 267 002c 2B60     		str	r3, [r5]
 105:Core/Src/main.c **** /* USER CODE END 0 */
 268              		.loc 1 105 1 view .LVU79
 269 002e 3EE0     		b	.L5
 270              	.LVL9:
 271              	.L8:
 272              	.LBB8:
 273              	.LBB9:
  69:Core/Src/main.c ****     }
 274              		.loc 1 69 7 is_stmt 1 discriminator 3 view .LVU80
  69:Core/Src/main.c ****     }
 275              		.loc 1 69 17 is_stmt 0 discriminator 3 view .LVU81
 276 0030 4FF0000C 		mov	ip, #0
 277 0034 01F800C0 		strb	ip, [r1, r0]
  67:Core/Src/main.c ****     {
 278              		.loc 1 67 29 is_stmt 1 discriminator 3 view .LVU82
  67:Core/Src/main.c ****     {
 279              		.loc 1 67 30 is_stmt 0 discriminator 3 view .LVU83
 280 0038 0130     		adds	r0, r0, #1
ARM GAS  C:\Users\yjiangck\AppData\Local\Temp\ccIXXNC6.s 			page 12


 281              	.LVL10:
 282              	.L6:
  67:Core/Src/main.c ****     {
 283              		.loc 1 67 21 is_stmt 1 discriminator 1 view .LVU84
  67:Core/Src/main.c ****     {
 284              		.loc 1 67 5 is_stmt 0 discriminator 1 view .LVU85
 285 003a 3F28     		cmp	r0, #63
 286 003c F8DD     		ble	.L8
 287              	.LBE9:
  71:Core/Src/main.c ****     for (int d = c; d; d /= 10) // get the length of c
 288              		.loc 1 71 5 is_stmt 1 view .LVU86
  71:Core/Src/main.c ****     for (int d = c; d; d /= 10) // get the length of c
 289              		.loc 1 71 9 is_stmt 0 view .LVU87
 290 003e 2268     		ldr	r2, [r4]
 291              	.LVL11:
  71:Core/Src/main.c ****     for (int d = c; d; d /= 10) // get the length of c
 292              		.loc 1 71 14 view .LVU88
 293 0040 2B68     		ldr	r3, [r5]
  71:Core/Src/main.c ****     for (int d = c; d; d /= 10) // get the length of c
 294              		.loc 1 71 7 view .LVU89
 295 0042 1A44     		add	r2, r2, r3
 296              	.LVL12:
  72:Core/Src/main.c ****     {
 297              		.loc 1 72 5 is_stmt 1 view .LVU90
 298              	.LBB10:
  72:Core/Src/main.c ****     {
 299              		.loc 1 72 10 view .LVU91
  72:Core/Src/main.c ****     {
 300              		.loc 1 72 14 is_stmt 0 view .LVU92
 301 0044 1346     		mov	r3, r2
 302              	.LBE10:
  66:Core/Src/main.c ****     for (int i = 0; i < 64; i++)
 303              		.loc 1 66 12 view .LVU93
 304 0046 4FF0000E 		mov	lr, #0
 305              	.LBB11:
  72:Core/Src/main.c ****     {
 306              		.loc 1 72 5 view .LVU94
 307 004a 09E0     		b	.L9
 308              	.LVL13:
 309              	.L20:
  72:Core/Src/main.c ****     {
 310              		.loc 1 72 5 view .LVU95
 311              	.LBE11:
 312              	.LBB12:
  67:Core/Src/main.c ****     {
 313              		.loc 1 67 14 view .LVU96
 314 004c 0020     		movs	r0, #0
 315              	.LVL14:
  67:Core/Src/main.c ****     {
 316              		.loc 1 67 14 view .LVU97
 317 004e F4E7     		b	.L6
 318              	.LVL15:
 319              	.L10:
  67:Core/Src/main.c ****     {
 320              		.loc 1 67 14 view .LVU98
 321              	.LBE12:
 322              	.LBB13:
ARM GAS  C:\Users\yjiangck\AppData\Local\Temp\ccIXXNC6.s 			page 13


  74:Core/Src/main.c ****     }
 323              		.loc 1 74 7 is_stmt 1 discriminator 3 view .LVU99
  74:Core/Src/main.c ****     }
 324              		.loc 1 74 10 is_stmt 0 discriminator 3 view .LVU100
 325 0050 0EF1010E 		add	lr, lr, #1
 326              	.LVL16:
  72:Core/Src/main.c ****     {
 327              		.loc 1 72 24 is_stmt 1 discriminator 3 view .LVU101
  72:Core/Src/main.c ****     {
 328              		.loc 1 72 26 is_stmt 0 discriminator 3 view .LVU102
 329 0054 1E48     		ldr	r0, .L24
 330 0056 80FB03C0 		smull	ip, r0, r0, r3
 331 005a DB17     		asrs	r3, r3, #31
 332              	.LVL17:
  72:Core/Src/main.c ****     {
 333              		.loc 1 72 26 discriminator 3 view .LVU103
 334 005c C3EBA003 		rsb	r3, r3, r0, asr #2
 335              	.LVL18:
 336              	.L9:
  72:Core/Src/main.c ****     {
 337              		.loc 1 72 21 is_stmt 1 discriminator 1 view .LVU104
  72:Core/Src/main.c ****     {
 338              		.loc 1 72 5 is_stmt 0 discriminator 1 view .LVU105
 339 0060 002B     		cmp	r3, #0
 340 0062 F5D1     		bne	.L10
  72:Core/Src/main.c ****     {
 341              		.loc 1 72 5 discriminator 1 view .LVU106
 342              	.LBE13:
  77:Core/Src/main.c ****     output[c_l + 1] = '#';
 343              		.loc 1 77 5 is_stmt 1 view .LVU107
  77:Core/Src/main.c ****     output[c_l + 1] = '#';
 344              		.loc 1 77 15 is_stmt 0 view .LVU108
 345 0064 2123     		movs	r3, #33
 346              	.LVL19:
  77:Core/Src/main.c ****     output[c_l + 1] = '#';
 347              		.loc 1 77 15 view .LVU109
 348 0066 0B70     		strb	r3, [r1]
  78:Core/Src/main.c ****     for (int i = c_l; i >= 1; i--) // generate output array
 349              		.loc 1 78 5 is_stmt 1 view .LVU110
  78:Core/Src/main.c ****     for (int i = c_l; i >= 1; i--) // generate output array
 350              		.loc 1 78 11 is_stmt 0 view .LVU111
 351 0068 0EF10103 		add	r3, lr, #1
  78:Core/Src/main.c ****     for (int i = c_l; i >= 1; i--) // generate output array
 352              		.loc 1 78 21 view .LVU112
 353 006c 2320     		movs	r0, #35
 354 006e C854     		strb	r0, [r1, r3]
  79:Core/Src/main.c ****     {
 355              		.loc 1 79 5 is_stmt 1 view .LVU113
 356              	.LBB14:
  79:Core/Src/main.c ****     {
 357              		.loc 1 79 10 view .LVU114
 358              	.LVL20:
  79:Core/Src/main.c ****     {
 359              		.loc 1 79 14 is_stmt 0 view .LVU115
 360 0070 7346     		mov	r3, lr
  79:Core/Src/main.c ****     {
 361              		.loc 1 79 5 view .LVU116
ARM GAS  C:\Users\yjiangck\AppData\Local\Temp\ccIXXNC6.s 			page 14


 362 0072 0EE0     		b	.L11
 363              	.LVL21:
 364              	.L12:
  81:Core/Src/main.c ****       c /= 10;
 365              		.loc 1 81 7 is_stmt 1 discriminator 3 view .LVU117
  81:Core/Src/main.c ****       c /= 10;
 366              		.loc 1 81 21 is_stmt 0 discriminator 3 view .LVU118
 367 0074 1648     		ldr	r0, .L24
 368 0076 80FB020C 		smull	r0, ip, r0, r2
 369 007a D017     		asrs	r0, r2, #31
 370 007c C0EBAC00 		rsb	r0, r0, ip, asr #2
 371 0080 8446     		mov	ip, r0
 372 0082 00EB8000 		add	r0, r0, r0, lsl #2
 373 0086 A2EB4000 		sub	r0, r2, r0, lsl #1
  81:Core/Src/main.c ****       c /= 10;
 374              		.loc 1 81 26 discriminator 3 view .LVU119
 375 008a 3030     		adds	r0, r0, #48
  81:Core/Src/main.c ****       c /= 10;
 376              		.loc 1 81 17 discriminator 3 view .LVU120
 377 008c C854     		strb	r0, [r1, r3]
  82:Core/Src/main.c ****     }
 378              		.loc 1 82 7 is_stmt 1 discriminator 3 view .LVU121
  82:Core/Src/main.c ****     }
 379              		.loc 1 82 9 is_stmt 0 discriminator 3 view .LVU122
 380 008e 6246     		mov	r2, ip
 381              	.LVL22:
  79:Core/Src/main.c ****     {
 382              		.loc 1 79 31 is_stmt 1 discriminator 3 view .LVU123
  79:Core/Src/main.c ****     {
 383              		.loc 1 79 32 is_stmt 0 discriminator 3 view .LVU124
 384 0090 013B     		subs	r3, r3, #1
 385              	.LVL23:
 386              	.L11:
  79:Core/Src/main.c ****     {
 387              		.loc 1 79 23 is_stmt 1 discriminator 1 view .LVU125
  79:Core/Src/main.c ****     {
 388              		.loc 1 79 5 is_stmt 0 discriminator 1 view .LVU126
 389 0092 002B     		cmp	r3, #0
 390 0094 EEDC     		bgt	.L12
  79:Core/Src/main.c ****     {
 391              		.loc 1 79 5 discriminator 1 view .LVU127
 392              	.LBE14:
  85:Core/Src/main.c **** 
 393              		.loc 1 85 5 is_stmt 1 view .LVU128
 394 0096 0EF10202 		add	r2, lr, #2
 395              	.LVL24:
  85:Core/Src/main.c **** 
 396              		.loc 1 85 5 is_stmt 0 view .LVU129
 397 009a 6423     		movs	r3, #100
 398              	.LVL25:
  85:Core/Src/main.c **** 
 399              		.loc 1 85 5 view .LVU130
 400 009c 92B2     		uxth	r2, r2
 401 009e 0D48     		ldr	r0, .L24+4
 402 00a0 FFF7FEFF 		bl	HAL_UART_Transmit
 403              	.LVL26:
  87:Core/Src/main.c ****   }
ARM GAS  C:\Users\yjiangck\AppData\Local\Temp\ccIXXNC6.s 			page 15


 404              		.loc 1 87 5 is_stmt 1 view .LVU131
  87:Core/Src/main.c ****   }
 405              		.loc 1 87 8 is_stmt 0 view .LVU132
 406 00a4 0023     		movs	r3, #0
 407 00a6 049A     		ldr	r2, [sp, #16]
 408 00a8 1360     		str	r3, [r2]
  87:Core/Src/main.c ****   }
 409              		.loc 1 87 16 view .LVU133
 410 00aa 2360     		str	r3, [r4]
  87:Core/Src/main.c ****   }
 411              		.loc 1 87 24 view .LVU134
 412 00ac 2B60     		str	r3, [r5]
 413              	.L5:
  87:Core/Src/main.c ****   }
 414              		.loc 1 87 24 view .LVU135
 415              	.LBE8:
 105:Core/Src/main.c **** /* USER CODE END 0 */
 416              		.loc 1 105 1 view .LVU136
 417 00ae 38BD     		pop	{r3, r4, r5, pc}
 418              	.LVL27:
 419              	.L21:
  91:Core/Src/main.c ****   }
 420              		.loc 1 91 5 is_stmt 1 view .LVU137
  91:Core/Src/main.c ****   }
 421              		.loc 1 91 8 is_stmt 0 view .LVU138
 422 00b0 0123     		movs	r3, #1
 423 00b2 049A     		ldr	r2, [sp, #16]
 424              	.LVL28:
  91:Core/Src/main.c ****   }
 425              		.loc 1 91 8 view .LVU139
 426 00b4 1360     		str	r3, [r2]
 427 00b6 FAE7     		b	.L5
 428              	.LVL29:
 429              	.L22:
  95:Core/Src/main.c ****   }
 430              		.loc 1 95 5 is_stmt 1 view .LVU140
  95:Core/Src/main.c ****   }
 431              		.loc 1 95 8 is_stmt 0 view .LVU141
 432 00b8 0223     		movs	r3, #2
 433 00ba 049A     		ldr	r2, [sp, #16]
 434              	.LVL30:
  95:Core/Src/main.c ****   }
 435              		.loc 1 95 8 view .LVU142
 436 00bc 1360     		str	r3, [r2]
 437 00be F6E7     		b	.L5
 438              	.L23:
  99:Core/Src/main.c ****   }
 439              		.loc 1 99 5 is_stmt 1 view .LVU143
  99:Core/Src/main.c ****   }
 440              		.loc 1 99 10 is_stmt 0 view .LVU144
 441 00c0 2268     		ldr	r2, [r4]
  99:Core/Src/main.c ****   }
 442              		.loc 1 99 13 view .LVU145
 443 00c2 02EB8202 		add	r2, r2, r2, lsl #2
  99:Core/Src/main.c ****   }
 444              		.loc 1 99 28 view .LVU146
 445 00c6 303B     		subs	r3, r3, #48
ARM GAS  C:\Users\yjiangck\AppData\Local\Temp\ccIXXNC6.s 			page 16


  99:Core/Src/main.c ****   }
 446              		.loc 1 99 18 view .LVU147
 447 00c8 03EB4203 		add	r3, r3, r2, lsl #1
  99:Core/Src/main.c ****   }
 448              		.loc 1 99 8 view .LVU148
 449 00cc 2360     		str	r3, [r4]
 450 00ce EEE7     		b	.L5
 451              	.L25:
 452              		.align	2
 453              	.L24:
 454 00d0 67666666 		.word	1717986919
 455 00d4 00000000 		.word	.LANCHOR0
 456              		.cfi_endproc
 457              	.LFE65:
 459              		.section	.text.Error_Handler,"ax",%progbits
 460              		.align	1
 461              		.global	Error_Handler
 462              		.syntax unified
 463              		.thumb
 464              		.thumb_func
 465              		.fpu softvfp
 467              	Error_Handler:
 468              	.LFB71:
 325:Core/Src/main.c **** 
 326:Core/Src/main.c **** /* USER CODE BEGIN 4 */
 327:Core/Src/main.c **** 
 328:Core/Src/main.c **** /* USER CODE END 4 */
 329:Core/Src/main.c **** 
 330:Core/Src/main.c **** /**
 331:Core/Src/main.c ****   * @brief  This function is executed in case of error occurrence.
 332:Core/Src/main.c ****   * @retval None
 333:Core/Src/main.c ****   */
 334:Core/Src/main.c **** void Error_Handler(void)
 335:Core/Src/main.c **** {
 469              		.loc 1 335 1 is_stmt 1 view -0
 470              		.cfi_startproc
 471              		@ Volatile: function does not return.
 472              		@ args = 0, pretend = 0, frame = 0
 473              		@ frame_needed = 0, uses_anonymous_args = 0
 474              		@ link register save eliminated.
 336:Core/Src/main.c ****   /* USER CODE BEGIN Error_Handler_Debug */
 337:Core/Src/main.c ****   /* User can add his own implementation to report the HAL error return state */
 338:Core/Src/main.c ****   __disable_irq();
 475              		.loc 1 338 3 view .LVU150
 476              	.LBB15:
 477              	.LBI15:
 478              		.file 2 "Drivers/CMSIS/Include/cmsis_gcc.h"
   1:Drivers/CMSIS/Include/cmsis_gcc.h **** /**************************************************************************//**
   2:Drivers/CMSIS/Include/cmsis_gcc.h ****  * @file     cmsis_gcc.h
   3:Drivers/CMSIS/Include/cmsis_gcc.h ****  * @brief    CMSIS compiler GCC header file
   4:Drivers/CMSIS/Include/cmsis_gcc.h ****  * @version  V5.0.4
   5:Drivers/CMSIS/Include/cmsis_gcc.h ****  * @date     09. April 2018
   6:Drivers/CMSIS/Include/cmsis_gcc.h ****  ******************************************************************************/
   7:Drivers/CMSIS/Include/cmsis_gcc.h **** /*
   8:Drivers/CMSIS/Include/cmsis_gcc.h ****  * Copyright (c) 2009-2018 Arm Limited. All rights reserved.
   9:Drivers/CMSIS/Include/cmsis_gcc.h ****  *
  10:Drivers/CMSIS/Include/cmsis_gcc.h ****  * SPDX-License-Identifier: Apache-2.0
ARM GAS  C:\Users\yjiangck\AppData\Local\Temp\ccIXXNC6.s 			page 17


  11:Drivers/CMSIS/Include/cmsis_gcc.h ****  *
  12:Drivers/CMSIS/Include/cmsis_gcc.h ****  * Licensed under the Apache License, Version 2.0 (the License); you may
  13:Drivers/CMSIS/Include/cmsis_gcc.h ****  * not use this file except in compliance with the License.
  14:Drivers/CMSIS/Include/cmsis_gcc.h ****  * You may obtain a copy of the License at
  15:Drivers/CMSIS/Include/cmsis_gcc.h ****  *
  16:Drivers/CMSIS/Include/cmsis_gcc.h ****  * www.apache.org/licenses/LICENSE-2.0
  17:Drivers/CMSIS/Include/cmsis_gcc.h ****  *
  18:Drivers/CMSIS/Include/cmsis_gcc.h ****  * Unless required by applicable law or agreed to in writing, software
  19:Drivers/CMSIS/Include/cmsis_gcc.h ****  * distributed under the License is distributed on an AS IS BASIS, WITHOUT
  20:Drivers/CMSIS/Include/cmsis_gcc.h ****  * WARRANTIES OR CONDITIONS OF ANY KIND, either express or implied.
  21:Drivers/CMSIS/Include/cmsis_gcc.h ****  * See the License for the specific language governing permissions and
  22:Drivers/CMSIS/Include/cmsis_gcc.h ****  * limitations under the License.
  23:Drivers/CMSIS/Include/cmsis_gcc.h ****  */
  24:Drivers/CMSIS/Include/cmsis_gcc.h **** 
  25:Drivers/CMSIS/Include/cmsis_gcc.h **** #ifndef __CMSIS_GCC_H
  26:Drivers/CMSIS/Include/cmsis_gcc.h **** #define __CMSIS_GCC_H
  27:Drivers/CMSIS/Include/cmsis_gcc.h **** 
  28:Drivers/CMSIS/Include/cmsis_gcc.h **** /* ignore some GCC warnings */
  29:Drivers/CMSIS/Include/cmsis_gcc.h **** #pragma GCC diagnostic push
  30:Drivers/CMSIS/Include/cmsis_gcc.h **** #pragma GCC diagnostic ignored "-Wsign-conversion"
  31:Drivers/CMSIS/Include/cmsis_gcc.h **** #pragma GCC diagnostic ignored "-Wconversion"
  32:Drivers/CMSIS/Include/cmsis_gcc.h **** #pragma GCC diagnostic ignored "-Wunused-parameter"
  33:Drivers/CMSIS/Include/cmsis_gcc.h **** 
  34:Drivers/CMSIS/Include/cmsis_gcc.h **** /* Fallback for __has_builtin */
  35:Drivers/CMSIS/Include/cmsis_gcc.h **** #ifndef __has_builtin
  36:Drivers/CMSIS/Include/cmsis_gcc.h ****   #define __has_builtin(x) (0)
  37:Drivers/CMSIS/Include/cmsis_gcc.h **** #endif
  38:Drivers/CMSIS/Include/cmsis_gcc.h **** 
  39:Drivers/CMSIS/Include/cmsis_gcc.h **** /* CMSIS compiler specific defines */
  40:Drivers/CMSIS/Include/cmsis_gcc.h **** #ifndef   __ASM
  41:Drivers/CMSIS/Include/cmsis_gcc.h ****   #define __ASM                                  __asm
  42:Drivers/CMSIS/Include/cmsis_gcc.h **** #endif
  43:Drivers/CMSIS/Include/cmsis_gcc.h **** #ifndef   __INLINE
  44:Drivers/CMSIS/Include/cmsis_gcc.h ****   #define __INLINE                               inline
  45:Drivers/CMSIS/Include/cmsis_gcc.h **** #endif
  46:Drivers/CMSIS/Include/cmsis_gcc.h **** #ifndef   __STATIC_INLINE
  47:Drivers/CMSIS/Include/cmsis_gcc.h ****   #define __STATIC_INLINE                        static inline
  48:Drivers/CMSIS/Include/cmsis_gcc.h **** #endif
  49:Drivers/CMSIS/Include/cmsis_gcc.h **** #ifndef   __STATIC_FORCEINLINE                 
  50:Drivers/CMSIS/Include/cmsis_gcc.h ****   #define __STATIC_FORCEINLINE                   __attribute__((always_inline)) static inline
  51:Drivers/CMSIS/Include/cmsis_gcc.h **** #endif                                           
  52:Drivers/CMSIS/Include/cmsis_gcc.h **** #ifndef   __NO_RETURN
  53:Drivers/CMSIS/Include/cmsis_gcc.h ****   #define __NO_RETURN                            __attribute__((__noreturn__))
  54:Drivers/CMSIS/Include/cmsis_gcc.h **** #endif
  55:Drivers/CMSIS/Include/cmsis_gcc.h **** #ifndef   __USED
  56:Drivers/CMSIS/Include/cmsis_gcc.h ****   #define __USED                                 __attribute__((used))
  57:Drivers/CMSIS/Include/cmsis_gcc.h **** #endif
  58:Drivers/CMSIS/Include/cmsis_gcc.h **** #ifndef   __WEAK
  59:Drivers/CMSIS/Include/cmsis_gcc.h ****   #define __WEAK                                 __attribute__((weak))
  60:Drivers/CMSIS/Include/cmsis_gcc.h **** #endif
  61:Drivers/CMSIS/Include/cmsis_gcc.h **** #ifndef   __PACKED
  62:Drivers/CMSIS/Include/cmsis_gcc.h ****   #define __PACKED                               __attribute__((packed, aligned(1)))
  63:Drivers/CMSIS/Include/cmsis_gcc.h **** #endif
  64:Drivers/CMSIS/Include/cmsis_gcc.h **** #ifndef   __PACKED_STRUCT
  65:Drivers/CMSIS/Include/cmsis_gcc.h ****   #define __PACKED_STRUCT                        struct __attribute__((packed, aligned(1)))
  66:Drivers/CMSIS/Include/cmsis_gcc.h **** #endif
  67:Drivers/CMSIS/Include/cmsis_gcc.h **** #ifndef   __PACKED_UNION
ARM GAS  C:\Users\yjiangck\AppData\Local\Temp\ccIXXNC6.s 			page 18


  68:Drivers/CMSIS/Include/cmsis_gcc.h ****   #define __PACKED_UNION                         union __attribute__((packed, aligned(1)))
  69:Drivers/CMSIS/Include/cmsis_gcc.h **** #endif
  70:Drivers/CMSIS/Include/cmsis_gcc.h **** #ifndef   __UNALIGNED_UINT32        /* deprecated */
  71:Drivers/CMSIS/Include/cmsis_gcc.h ****   #pragma GCC diagnostic push
  72:Drivers/CMSIS/Include/cmsis_gcc.h ****   #pragma GCC diagnostic ignored "-Wpacked"
  73:Drivers/CMSIS/Include/cmsis_gcc.h ****   #pragma GCC diagnostic ignored "-Wattributes"
  74:Drivers/CMSIS/Include/cmsis_gcc.h ****   struct __attribute__((packed)) T_UINT32 { uint32_t v; };
  75:Drivers/CMSIS/Include/cmsis_gcc.h ****   #pragma GCC diagnostic pop
  76:Drivers/CMSIS/Include/cmsis_gcc.h ****   #define __UNALIGNED_UINT32(x)                  (((struct T_UINT32 *)(x))->v)
  77:Drivers/CMSIS/Include/cmsis_gcc.h **** #endif
  78:Drivers/CMSIS/Include/cmsis_gcc.h **** #ifndef   __UNALIGNED_UINT16_WRITE
  79:Drivers/CMSIS/Include/cmsis_gcc.h ****   #pragma GCC diagnostic push
  80:Drivers/CMSIS/Include/cmsis_gcc.h ****   #pragma GCC diagnostic ignored "-Wpacked"
  81:Drivers/CMSIS/Include/cmsis_gcc.h ****   #pragma GCC diagnostic ignored "-Wattributes"
  82:Drivers/CMSIS/Include/cmsis_gcc.h ****   __PACKED_STRUCT T_UINT16_WRITE { uint16_t v; };
  83:Drivers/CMSIS/Include/cmsis_gcc.h ****   #pragma GCC diagnostic pop
  84:Drivers/CMSIS/Include/cmsis_gcc.h ****   #define __UNALIGNED_UINT16_WRITE(addr, val)    (void)((((struct T_UINT16_WRITE *)(void *)(addr))-
  85:Drivers/CMSIS/Include/cmsis_gcc.h **** #endif
  86:Drivers/CMSIS/Include/cmsis_gcc.h **** #ifndef   __UNALIGNED_UINT16_READ
  87:Drivers/CMSIS/Include/cmsis_gcc.h ****   #pragma GCC diagnostic push
  88:Drivers/CMSIS/Include/cmsis_gcc.h ****   #pragma GCC diagnostic ignored "-Wpacked"
  89:Drivers/CMSIS/Include/cmsis_gcc.h ****   #pragma GCC diagnostic ignored "-Wattributes"
  90:Drivers/CMSIS/Include/cmsis_gcc.h ****   __PACKED_STRUCT T_UINT16_READ { uint16_t v; };
  91:Drivers/CMSIS/Include/cmsis_gcc.h ****   #pragma GCC diagnostic pop
  92:Drivers/CMSIS/Include/cmsis_gcc.h ****   #define __UNALIGNED_UINT16_READ(addr)          (((const struct T_UINT16_READ *)(const void *)(add
  93:Drivers/CMSIS/Include/cmsis_gcc.h **** #endif
  94:Drivers/CMSIS/Include/cmsis_gcc.h **** #ifndef   __UNALIGNED_UINT32_WRITE
  95:Drivers/CMSIS/Include/cmsis_gcc.h ****   #pragma GCC diagnostic push
  96:Drivers/CMSIS/Include/cmsis_gcc.h ****   #pragma GCC diagnostic ignored "-Wpacked"
  97:Drivers/CMSIS/Include/cmsis_gcc.h ****   #pragma GCC diagnostic ignored "-Wattributes"
  98:Drivers/CMSIS/Include/cmsis_gcc.h ****   __PACKED_STRUCT T_UINT32_WRITE { uint32_t v; };
  99:Drivers/CMSIS/Include/cmsis_gcc.h ****   #pragma GCC diagnostic pop
 100:Drivers/CMSIS/Include/cmsis_gcc.h ****   #define __UNALIGNED_UINT32_WRITE(addr, val)    (void)((((struct T_UINT32_WRITE *)(void *)(addr))-
 101:Drivers/CMSIS/Include/cmsis_gcc.h **** #endif
 102:Drivers/CMSIS/Include/cmsis_gcc.h **** #ifndef   __UNALIGNED_UINT32_READ
 103:Drivers/CMSIS/Include/cmsis_gcc.h ****   #pragma GCC diagnostic push
 104:Drivers/CMSIS/Include/cmsis_gcc.h ****   #pragma GCC diagnostic ignored "-Wpacked"
 105:Drivers/CMSIS/Include/cmsis_gcc.h ****   #pragma GCC diagnostic ignored "-Wattributes"
 106:Drivers/CMSIS/Include/cmsis_gcc.h ****   __PACKED_STRUCT T_UINT32_READ { uint32_t v; };
 107:Drivers/CMSIS/Include/cmsis_gcc.h ****   #pragma GCC diagnostic pop
 108:Drivers/CMSIS/Include/cmsis_gcc.h ****   #define __UNALIGNED_UINT32_READ(addr)          (((const struct T_UINT32_READ *)(const void *)(add
 109:Drivers/CMSIS/Include/cmsis_gcc.h **** #endif
 110:Drivers/CMSIS/Include/cmsis_gcc.h **** #ifndef   __ALIGNED
 111:Drivers/CMSIS/Include/cmsis_gcc.h ****   #define __ALIGNED(x)                           __attribute__((aligned(x)))
 112:Drivers/CMSIS/Include/cmsis_gcc.h **** #endif
 113:Drivers/CMSIS/Include/cmsis_gcc.h **** #ifndef   __RESTRICT
 114:Drivers/CMSIS/Include/cmsis_gcc.h ****   #define __RESTRICT                             __restrict
 115:Drivers/CMSIS/Include/cmsis_gcc.h **** #endif
 116:Drivers/CMSIS/Include/cmsis_gcc.h **** 
 117:Drivers/CMSIS/Include/cmsis_gcc.h **** 
 118:Drivers/CMSIS/Include/cmsis_gcc.h **** /* ###########################  Core Function Access  ########################### */
 119:Drivers/CMSIS/Include/cmsis_gcc.h **** /** \ingroup  CMSIS_Core_FunctionInterface
 120:Drivers/CMSIS/Include/cmsis_gcc.h ****     \defgroup CMSIS_Core_RegAccFunctions CMSIS Core Register Access Functions
 121:Drivers/CMSIS/Include/cmsis_gcc.h ****   @{
 122:Drivers/CMSIS/Include/cmsis_gcc.h ****  */
 123:Drivers/CMSIS/Include/cmsis_gcc.h **** 
 124:Drivers/CMSIS/Include/cmsis_gcc.h **** /**
ARM GAS  C:\Users\yjiangck\AppData\Local\Temp\ccIXXNC6.s 			page 19


 125:Drivers/CMSIS/Include/cmsis_gcc.h ****   \brief   Enable IRQ Interrupts
 126:Drivers/CMSIS/Include/cmsis_gcc.h ****   \details Enables IRQ interrupts by clearing the I-bit in the CPSR.
 127:Drivers/CMSIS/Include/cmsis_gcc.h ****            Can only be executed in Privileged modes.
 128:Drivers/CMSIS/Include/cmsis_gcc.h ****  */
 129:Drivers/CMSIS/Include/cmsis_gcc.h **** __STATIC_FORCEINLINE void __enable_irq(void)
 130:Drivers/CMSIS/Include/cmsis_gcc.h **** {
 131:Drivers/CMSIS/Include/cmsis_gcc.h ****   __ASM volatile ("cpsie i" : : : "memory");
 132:Drivers/CMSIS/Include/cmsis_gcc.h **** }
 133:Drivers/CMSIS/Include/cmsis_gcc.h **** 
 134:Drivers/CMSIS/Include/cmsis_gcc.h **** 
 135:Drivers/CMSIS/Include/cmsis_gcc.h **** /**
 136:Drivers/CMSIS/Include/cmsis_gcc.h ****   \brief   Disable IRQ Interrupts
 137:Drivers/CMSIS/Include/cmsis_gcc.h ****   \details Disables IRQ interrupts by setting the I-bit in the CPSR.
 138:Drivers/CMSIS/Include/cmsis_gcc.h ****            Can only be executed in Privileged modes.
 139:Drivers/CMSIS/Include/cmsis_gcc.h ****  */
 140:Drivers/CMSIS/Include/cmsis_gcc.h **** __STATIC_FORCEINLINE void __disable_irq(void)
 479              		.loc 2 140 27 view .LVU151
 480              	.LBB16:
 141:Drivers/CMSIS/Include/cmsis_gcc.h **** {
 142:Drivers/CMSIS/Include/cmsis_gcc.h ****   __ASM volatile ("cpsid i" : : : "memory");
 481              		.loc 2 142 3 view .LVU152
 482              		.syntax unified
 483              	@ 142 "Drivers/CMSIS/Include/cmsis_gcc.h" 1
 484 0000 72B6     		cpsid i
 485              	@ 0 "" 2
 486              		.thumb
 487              		.syntax unified
 488              	.L27:
 489              	.LBE16:
 490              	.LBE15:
 339:Core/Src/main.c ****   while (1)
 491              		.loc 1 339 3 discriminator 1 view .LVU153
 340:Core/Src/main.c ****   {
 341:Core/Src/main.c ****   }
 492              		.loc 1 341 3 discriminator 1 view .LVU154
 339:Core/Src/main.c ****   while (1)
 493              		.loc 1 339 9 discriminator 1 view .LVU155
 494 0002 FEE7     		b	.L27
 495              		.cfi_endproc
 496              	.LFE71:
 498              		.section	.text.MX_TIM2_Init,"ax",%progbits
 499              		.align	1
 500              		.syntax unified
 501              		.thumb
 502              		.thumb_func
 503              		.fpu softvfp
 505              	MX_TIM2_Init:
 506              	.LFB68:
 206:Core/Src/main.c **** 
 507              		.loc 1 206 1 view -0
 508              		.cfi_startproc
 509              		@ args = 0, pretend = 0, frame = 40
 510              		@ frame_needed = 0, uses_anonymous_args = 0
 511 0000 00B5     		push	{lr}
 512              	.LCFI4:
 513              		.cfi_def_cfa_offset 4
 514              		.cfi_offset 14, -4
ARM GAS  C:\Users\yjiangck\AppData\Local\Temp\ccIXXNC6.s 			page 20


 515 0002 8BB0     		sub	sp, sp, #44
 516              	.LCFI5:
 517              		.cfi_def_cfa_offset 48
 212:Core/Src/main.c ****   TIM_OC_InitTypeDef sConfigOC = {0};
 518              		.loc 1 212 3 view .LVU157
 212:Core/Src/main.c ****   TIM_OC_InitTypeDef sConfigOC = {0};
 519              		.loc 1 212 27 is_stmt 0 view .LVU158
 520 0004 0023     		movs	r3, #0
 521 0006 0893     		str	r3, [sp, #32]
 522 0008 0993     		str	r3, [sp, #36]
 213:Core/Src/main.c **** 
 523              		.loc 1 213 3 is_stmt 1 view .LVU159
 213:Core/Src/main.c **** 
 524              		.loc 1 213 22 is_stmt 0 view .LVU160
 525 000a 0193     		str	r3, [sp, #4]
 526 000c 0293     		str	r3, [sp, #8]
 527 000e 0393     		str	r3, [sp, #12]
 528 0010 0493     		str	r3, [sp, #16]
 529 0012 0593     		str	r3, [sp, #20]
 530 0014 0693     		str	r3, [sp, #24]
 531 0016 0793     		str	r3, [sp, #28]
 218:Core/Src/main.c ****   htim2.Init.Prescaler = 71;
 532              		.loc 1 218 3 is_stmt 1 view .LVU161
 218:Core/Src/main.c ****   htim2.Init.Prescaler = 71;
 533              		.loc 1 218 18 is_stmt 0 view .LVU162
 534 0018 1748     		ldr	r0, .L36
 535 001a 4FF08042 		mov	r2, #1073741824
 536 001e 0260     		str	r2, [r0]
 219:Core/Src/main.c ****   htim2.Init.CounterMode = TIM_COUNTERMODE_UP;
 537              		.loc 1 219 3 is_stmt 1 view .LVU163
 219:Core/Src/main.c ****   htim2.Init.CounterMode = TIM_COUNTERMODE_UP;
 538              		.loc 1 219 24 is_stmt 0 view .LVU164
 539 0020 4722     		movs	r2, #71
 540 0022 4260     		str	r2, [r0, #4]
 220:Core/Src/main.c ****   htim2.Init.Period = 20000;
 541              		.loc 1 220 3 is_stmt 1 view .LVU165
 220:Core/Src/main.c ****   htim2.Init.Period = 20000;
 542              		.loc 1 220 26 is_stmt 0 view .LVU166
 543 0024 8360     		str	r3, [r0, #8]
 221:Core/Src/main.c ****   htim2.Init.ClockDivision = TIM_CLOCKDIVISION_DIV1;
 544              		.loc 1 221 3 is_stmt 1 view .LVU167
 221:Core/Src/main.c ****   htim2.Init.ClockDivision = TIM_CLOCKDIVISION_DIV1;
 545              		.loc 1 221 21 is_stmt 0 view .LVU168
 546 0026 44F62062 		movw	r2, #20000
 547 002a C260     		str	r2, [r0, #12]
 222:Core/Src/main.c ****   htim2.Init.AutoReloadPreload = TIM_AUTORELOAD_PRELOAD_DISABLE;
 548              		.loc 1 222 3 is_stmt 1 view .LVU169
 222:Core/Src/main.c ****   htim2.Init.AutoReloadPreload = TIM_AUTORELOAD_PRELOAD_DISABLE;
 549              		.loc 1 222 28 is_stmt 0 view .LVU170
 550 002c 0361     		str	r3, [r0, #16]
 223:Core/Src/main.c ****   if (HAL_TIM_PWM_Init(&htim2) != HAL_OK)
 551              		.loc 1 223 3 is_stmt 1 view .LVU171
 223:Core/Src/main.c ****   if (HAL_TIM_PWM_Init(&htim2) != HAL_OK)
 552              		.loc 1 223 32 is_stmt 0 view .LVU172
 553 002e 8361     		str	r3, [r0, #24]
 224:Core/Src/main.c ****   {
 554              		.loc 1 224 3 is_stmt 1 view .LVU173
ARM GAS  C:\Users\yjiangck\AppData\Local\Temp\ccIXXNC6.s 			page 21


 224:Core/Src/main.c ****   {
 555              		.loc 1 224 7 is_stmt 0 view .LVU174
 556 0030 FFF7FEFF 		bl	HAL_TIM_PWM_Init
 557              	.LVL31:
 224:Core/Src/main.c ****   {
 558              		.loc 1 224 6 view .LVU175
 559 0034 D0B9     		cbnz	r0, .L33
 228:Core/Src/main.c ****   sMasterConfig.MasterSlaveMode = TIM_MASTERSLAVEMODE_DISABLE;
 560              		.loc 1 228 3 is_stmt 1 view .LVU176
 228:Core/Src/main.c ****   sMasterConfig.MasterSlaveMode = TIM_MASTERSLAVEMODE_DISABLE;
 561              		.loc 1 228 37 is_stmt 0 view .LVU177
 562 0036 0023     		movs	r3, #0
 563 0038 0893     		str	r3, [sp, #32]
 229:Core/Src/main.c ****   if (HAL_TIMEx_MasterConfigSynchronization(&htim2, &sMasterConfig) != HAL_OK)
 564              		.loc 1 229 3 is_stmt 1 view .LVU178
 229:Core/Src/main.c ****   if (HAL_TIMEx_MasterConfigSynchronization(&htim2, &sMasterConfig) != HAL_OK)
 565              		.loc 1 229 33 is_stmt 0 view .LVU179
 566 003a 0993     		str	r3, [sp, #36]
 230:Core/Src/main.c ****   {
 567              		.loc 1 230 3 is_stmt 1 view .LVU180
 230:Core/Src/main.c ****   {
 568              		.loc 1 230 7 is_stmt 0 view .LVU181
 569 003c 08A9     		add	r1, sp, #32
 570 003e 0E48     		ldr	r0, .L36
 571 0040 FFF7FEFF 		bl	HAL_TIMEx_MasterConfigSynchronization
 572              	.LVL32:
 230:Core/Src/main.c ****   {
 573              		.loc 1 230 6 view .LVU182
 574 0044 A0B9     		cbnz	r0, .L34
 234:Core/Src/main.c ****   sConfigOC.Pulse = 1000;
 575              		.loc 1 234 3 is_stmt 1 view .LVU183
 234:Core/Src/main.c ****   sConfigOC.Pulse = 1000;
 576              		.loc 1 234 20 is_stmt 0 view .LVU184
 577 0046 6023     		movs	r3, #96
 578 0048 0193     		str	r3, [sp, #4]
 235:Core/Src/main.c ****   sConfigOC.OCPolarity = TIM_OCPOLARITY_HIGH;
 579              		.loc 1 235 3 is_stmt 1 view .LVU185
 235:Core/Src/main.c ****   sConfigOC.OCPolarity = TIM_OCPOLARITY_HIGH;
 580              		.loc 1 235 19 is_stmt 0 view .LVU186
 581 004a 4FF47A73 		mov	r3, #1000
 582 004e 0293     		str	r3, [sp, #8]
 236:Core/Src/main.c ****   sConfigOC.OCFastMode = TIM_OCFAST_DISABLE;
 583              		.loc 1 236 3 is_stmt 1 view .LVU187
 236:Core/Src/main.c ****   sConfigOC.OCFastMode = TIM_OCFAST_DISABLE;
 584              		.loc 1 236 24 is_stmt 0 view .LVU188
 585 0050 0022     		movs	r2, #0
 586 0052 0392     		str	r2, [sp, #12]
 237:Core/Src/main.c ****   if (HAL_TIM_PWM_ConfigChannel(&htim2, &sConfigOC, TIM_CHANNEL_1) != HAL_OK)
 587              		.loc 1 237 3 is_stmt 1 view .LVU189
 237:Core/Src/main.c ****   if (HAL_TIM_PWM_ConfigChannel(&htim2, &sConfigOC, TIM_CHANNEL_1) != HAL_OK)
 588              		.loc 1 237 24 is_stmt 0 view .LVU190
 589 0054 0592     		str	r2, [sp, #20]
 238:Core/Src/main.c ****   {
 590              		.loc 1 238 3 is_stmt 1 view .LVU191
 238:Core/Src/main.c ****   {
 591              		.loc 1 238 7 is_stmt 0 view .LVU192
 592 0056 01A9     		add	r1, sp, #4
ARM GAS  C:\Users\yjiangck\AppData\Local\Temp\ccIXXNC6.s 			page 22


 593 0058 0748     		ldr	r0, .L36
 594 005a FFF7FEFF 		bl	HAL_TIM_PWM_ConfigChannel
 595              	.LVL33:
 238:Core/Src/main.c ****   {
 596              		.loc 1 238 6 view .LVU193
 597 005e 48B9     		cbnz	r0, .L35
 245:Core/Src/main.c **** }
 598              		.loc 1 245 3 is_stmt 1 view .LVU194
 599 0060 0548     		ldr	r0, .L36
 600 0062 FFF7FEFF 		bl	HAL_TIM_MspPostInit
 601              	.LVL34:
 246:Core/Src/main.c **** 
 602              		.loc 1 246 1 is_stmt 0 view .LVU195
 603 0066 0BB0     		add	sp, sp, #44
 604              	.LCFI6:
 605              		.cfi_remember_state
 606              		.cfi_def_cfa_offset 4
 607              		@ sp needed
 608 0068 5DF804FB 		ldr	pc, [sp], #4
 609              	.L33:
 610              	.LCFI7:
 611              		.cfi_restore_state
 226:Core/Src/main.c ****   }
 612              		.loc 1 226 5 is_stmt 1 view .LVU196
 613 006c FFF7FEFF 		bl	Error_Handler
 614              	.LVL35:
 615              	.L34:
 232:Core/Src/main.c ****   }
 616              		.loc 1 232 5 view .LVU197
 617 0070 FFF7FEFF 		bl	Error_Handler
 618              	.LVL36:
 619              	.L35:
 240:Core/Src/main.c ****   }
 620              		.loc 1 240 5 view .LVU198
 621 0074 FFF7FEFF 		bl	Error_Handler
 622              	.LVL37:
 623              	.L37:
 624              		.align	2
 625              	.L36:
 626 0078 00000000 		.word	.LANCHOR1
 627              		.cfi_endproc
 628              	.LFE68:
 630              		.section	.text.MX_USART1_UART_Init,"ax",%progbits
 631              		.align	1
 632              		.syntax unified
 633              		.thumb
 634              		.thumb_func
 635              		.fpu softvfp
 637              	MX_USART1_UART_Init:
 638              	.LFB69:
 254:Core/Src/main.c **** 
 639              		.loc 1 254 1 view -0
 640              		.cfi_startproc
 641              		@ args = 0, pretend = 0, frame = 0
 642              		@ frame_needed = 0, uses_anonymous_args = 0
 643 0000 08B5     		push	{r3, lr}
 644              	.LCFI8:
ARM GAS  C:\Users\yjiangck\AppData\Local\Temp\ccIXXNC6.s 			page 23


 645              		.cfi_def_cfa_offset 8
 646              		.cfi_offset 3, -8
 647              		.cfi_offset 14, -4
 263:Core/Src/main.c ****   huart1.Init.BaudRate = 9600;
 648              		.loc 1 263 3 view .LVU200
 263:Core/Src/main.c ****   huart1.Init.BaudRate = 9600;
 649              		.loc 1 263 19 is_stmt 0 view .LVU201
 650 0002 0C48     		ldr	r0, .L42
 651 0004 0C4B     		ldr	r3, .L42+4
 652 0006 0360     		str	r3, [r0]
 264:Core/Src/main.c ****   huart1.Init.WordLength = UART_WORDLENGTH_9B;
 653              		.loc 1 264 3 is_stmt 1 view .LVU202
 264:Core/Src/main.c ****   huart1.Init.WordLength = UART_WORDLENGTH_9B;
 654              		.loc 1 264 24 is_stmt 0 view .LVU203
 655 0008 4FF41653 		mov	r3, #9600
 656 000c 4360     		str	r3, [r0, #4]
 265:Core/Src/main.c ****   huart1.Init.StopBits = UART_STOPBITS_1;
 657              		.loc 1 265 3 is_stmt 1 view .LVU204
 265:Core/Src/main.c ****   huart1.Init.StopBits = UART_STOPBITS_1;
 658              		.loc 1 265 26 is_stmt 0 view .LVU205
 659 000e 4FF48053 		mov	r3, #4096
 660 0012 8360     		str	r3, [r0, #8]
 266:Core/Src/main.c ****   huart1.Init.Parity = UART_PARITY_EVEN;
 661              		.loc 1 266 3 is_stmt 1 view .LVU206
 266:Core/Src/main.c ****   huart1.Init.Parity = UART_PARITY_EVEN;
 662              		.loc 1 266 24 is_stmt 0 view .LVU207
 663 0014 0023     		movs	r3, #0
 664 0016 C360     		str	r3, [r0, #12]
 267:Core/Src/main.c ****   huart1.Init.Mode = UART_MODE_TX_RX;
 665              		.loc 1 267 3 is_stmt 1 view .LVU208
 267:Core/Src/main.c ****   huart1.Init.Mode = UART_MODE_TX_RX;
 666              		.loc 1 267 22 is_stmt 0 view .LVU209
 667 0018 4FF48062 		mov	r2, #1024
 668 001c 0261     		str	r2, [r0, #16]
 268:Core/Src/main.c ****   huart1.Init.HwFlowCtl = UART_HWCONTROL_NONE;
 669              		.loc 1 268 3 is_stmt 1 view .LVU210
 268:Core/Src/main.c ****   huart1.Init.HwFlowCtl = UART_HWCONTROL_NONE;
 670              		.loc 1 268 20 is_stmt 0 view .LVU211
 671 001e 0C22     		movs	r2, #12
 672 0020 4261     		str	r2, [r0, #20]
 269:Core/Src/main.c ****   huart1.Init.OverSampling = UART_OVERSAMPLING_16;
 673              		.loc 1 269 3 is_stmt 1 view .LVU212
 269:Core/Src/main.c ****   huart1.Init.OverSampling = UART_OVERSAMPLING_16;
 674              		.loc 1 269 25 is_stmt 0 view .LVU213
 675 0022 8361     		str	r3, [r0, #24]
 270:Core/Src/main.c ****   if (HAL_UART_Init(&huart1) != HAL_OK)
 676              		.loc 1 270 3 is_stmt 1 view .LVU214
 270:Core/Src/main.c ****   if (HAL_UART_Init(&huart1) != HAL_OK)
 677              		.loc 1 270 28 is_stmt 0 view .LVU215
 678 0024 C361     		str	r3, [r0, #28]
 271:Core/Src/main.c ****   {
 679              		.loc 1 271 3 is_stmt 1 view .LVU216
 271:Core/Src/main.c ****   {
 680              		.loc 1 271 7 is_stmt 0 view .LVU217
 681 0026 FFF7FEFF 		bl	HAL_UART_Init
 682              	.LVL38:
 271:Core/Src/main.c ****   {
ARM GAS  C:\Users\yjiangck\AppData\Local\Temp\ccIXXNC6.s 			page 24


 683              		.loc 1 271 6 view .LVU218
 684 002a 00B9     		cbnz	r0, .L41
 278:Core/Src/main.c **** 
 685              		.loc 1 278 1 view .LVU219
 686 002c 08BD     		pop	{r3, pc}
 687              	.L41:
 273:Core/Src/main.c ****   }
 688              		.loc 1 273 5 is_stmt 1 view .LVU220
 689 002e FFF7FEFF 		bl	Error_Handler
 690              	.LVL39:
 691              	.L43:
 692 0032 00BF     		.align	2
 693              	.L42:
 694 0034 00000000 		.word	.LANCHOR0
 695 0038 00380140 		.word	1073821696
 696              		.cfi_endproc
 697              	.LFE69:
 699              		.section	.text.SystemClock_Config,"ax",%progbits
 700              		.align	1
 701              		.global	SystemClock_Config
 702              		.syntax unified
 703              		.thumb
 704              		.thumb_func
 705              		.fpu softvfp
 707              	SystemClock_Config:
 708              	.LFB67:
 168:Core/Src/main.c ****   RCC_OscInitTypeDef RCC_OscInitStruct = {0};
 709              		.loc 1 168 1 view -0
 710              		.cfi_startproc
 711              		@ args = 0, pretend = 0, frame = 64
 712              		@ frame_needed = 0, uses_anonymous_args = 0
 713 0000 00B5     		push	{lr}
 714              	.LCFI9:
 715              		.cfi_def_cfa_offset 4
 716              		.cfi_offset 14, -4
 717 0002 91B0     		sub	sp, sp, #68
 718              	.LCFI10:
 719              		.cfi_def_cfa_offset 72
 169:Core/Src/main.c ****   RCC_ClkInitTypeDef RCC_ClkInitStruct = {0};
 720              		.loc 1 169 3 view .LVU222
 169:Core/Src/main.c ****   RCC_ClkInitTypeDef RCC_ClkInitStruct = {0};
 721              		.loc 1 169 22 is_stmt 0 view .LVU223
 722 0004 2822     		movs	r2, #40
 723 0006 0021     		movs	r1, #0
 724 0008 06A8     		add	r0, sp, #24
 725 000a FFF7FEFF 		bl	memset
 726              	.LVL40:
 170:Core/Src/main.c **** 
 727              		.loc 1 170 3 is_stmt 1 view .LVU224
 170:Core/Src/main.c **** 
 728              		.loc 1 170 22 is_stmt 0 view .LVU225
 729 000e 0023     		movs	r3, #0
 730 0010 0193     		str	r3, [sp, #4]
 731 0012 0293     		str	r3, [sp, #8]
 732 0014 0393     		str	r3, [sp, #12]
 733 0016 0493     		str	r3, [sp, #16]
 734 0018 0593     		str	r3, [sp, #20]
ARM GAS  C:\Users\yjiangck\AppData\Local\Temp\ccIXXNC6.s 			page 25


 175:Core/Src/main.c ****   RCC_OscInitStruct.HSEState = RCC_HSE_ON;
 735              		.loc 1 175 3 is_stmt 1 view .LVU226
 175:Core/Src/main.c ****   RCC_OscInitStruct.HSEState = RCC_HSE_ON;
 736              		.loc 1 175 36 is_stmt 0 view .LVU227
 737 001a 0122     		movs	r2, #1
 738 001c 0692     		str	r2, [sp, #24]
 176:Core/Src/main.c ****   RCC_OscInitStruct.HSEPredivValue = RCC_HSE_PREDIV_DIV1;
 739              		.loc 1 176 3 is_stmt 1 view .LVU228
 176:Core/Src/main.c ****   RCC_OscInitStruct.HSEPredivValue = RCC_HSE_PREDIV_DIV1;
 740              		.loc 1 176 30 is_stmt 0 view .LVU229
 741 001e 4FF48033 		mov	r3, #65536
 742 0022 0793     		str	r3, [sp, #28]
 177:Core/Src/main.c ****   RCC_OscInitStruct.HSIState = RCC_HSI_ON;
 743              		.loc 1 177 3 is_stmt 1 view .LVU230
 178:Core/Src/main.c ****   RCC_OscInitStruct.PLL.PLLState = RCC_PLL_ON;
 744              		.loc 1 178 3 view .LVU231
 178:Core/Src/main.c ****   RCC_OscInitStruct.PLL.PLLState = RCC_PLL_ON;
 745              		.loc 1 178 30 is_stmt 0 view .LVU232
 746 0024 0A92     		str	r2, [sp, #40]
 179:Core/Src/main.c ****   RCC_OscInitStruct.PLL.PLLSource = RCC_PLLSOURCE_HSE;
 747              		.loc 1 179 3 is_stmt 1 view .LVU233
 179:Core/Src/main.c ****   RCC_OscInitStruct.PLL.PLLSource = RCC_PLLSOURCE_HSE;
 748              		.loc 1 179 34 is_stmt 0 view .LVU234
 749 0026 0222     		movs	r2, #2
 750 0028 0D92     		str	r2, [sp, #52]
 180:Core/Src/main.c ****   RCC_OscInitStruct.PLL.PLLMUL = RCC_PLL_MUL9;
 751              		.loc 1 180 3 is_stmt 1 view .LVU235
 180:Core/Src/main.c ****   RCC_OscInitStruct.PLL.PLLMUL = RCC_PLL_MUL9;
 752              		.loc 1 180 35 is_stmt 0 view .LVU236
 753 002a 0E93     		str	r3, [sp, #56]
 181:Core/Src/main.c ****   if (HAL_RCC_OscConfig(&RCC_OscInitStruct) != HAL_OK)
 754              		.loc 1 181 3 is_stmt 1 view .LVU237
 181:Core/Src/main.c ****   if (HAL_RCC_OscConfig(&RCC_OscInitStruct) != HAL_OK)
 755              		.loc 1 181 32 is_stmt 0 view .LVU238
 756 002c 4FF4E013 		mov	r3, #1835008
 757 0030 0F93     		str	r3, [sp, #60]
 182:Core/Src/main.c ****   {
 758              		.loc 1 182 3 is_stmt 1 view .LVU239
 182:Core/Src/main.c ****   {
 759              		.loc 1 182 7 is_stmt 0 view .LVU240
 760 0032 06A8     		add	r0, sp, #24
 761 0034 FFF7FEFF 		bl	HAL_RCC_OscConfig
 762              	.LVL41:
 182:Core/Src/main.c ****   {
 763              		.loc 1 182 6 view .LVU241
 764 0038 80B9     		cbnz	r0, .L48
 188:Core/Src/main.c ****   RCC_ClkInitStruct.SYSCLKSource = RCC_SYSCLKSOURCE_PLLCLK;
 765              		.loc 1 188 3 is_stmt 1 view .LVU242
 188:Core/Src/main.c ****   RCC_ClkInitStruct.SYSCLKSource = RCC_SYSCLKSOURCE_PLLCLK;
 766              		.loc 1 188 31 is_stmt 0 view .LVU243
 767 003a 0F23     		movs	r3, #15
 768 003c 0193     		str	r3, [sp, #4]
 189:Core/Src/main.c ****   RCC_ClkInitStruct.AHBCLKDivider = RCC_SYSCLK_DIV1;
 769              		.loc 1 189 3 is_stmt 1 view .LVU244
 189:Core/Src/main.c ****   RCC_ClkInitStruct.AHBCLKDivider = RCC_SYSCLK_DIV1;
 770              		.loc 1 189 34 is_stmt 0 view .LVU245
 771 003e 0221     		movs	r1, #2
ARM GAS  C:\Users\yjiangck\AppData\Local\Temp\ccIXXNC6.s 			page 26


 772 0040 0291     		str	r1, [sp, #8]
 190:Core/Src/main.c ****   RCC_ClkInitStruct.APB1CLKDivider = RCC_HCLK_DIV2;
 773              		.loc 1 190 3 is_stmt 1 view .LVU246
 190:Core/Src/main.c ****   RCC_ClkInitStruct.APB1CLKDivider = RCC_HCLK_DIV2;
 774              		.loc 1 190 35 is_stmt 0 view .LVU247
 775 0042 0023     		movs	r3, #0
 776 0044 0393     		str	r3, [sp, #12]
 191:Core/Src/main.c ****   RCC_ClkInitStruct.APB2CLKDivider = RCC_HCLK_DIV1;
 777              		.loc 1 191 3 is_stmt 1 view .LVU248
 191:Core/Src/main.c ****   RCC_ClkInitStruct.APB2CLKDivider = RCC_HCLK_DIV1;
 778              		.loc 1 191 36 is_stmt 0 view .LVU249
 779 0046 4FF48062 		mov	r2, #1024
 780 004a 0492     		str	r2, [sp, #16]
 192:Core/Src/main.c **** 
 781              		.loc 1 192 3 is_stmt 1 view .LVU250
 192:Core/Src/main.c **** 
 782              		.loc 1 192 36 is_stmt 0 view .LVU251
 783 004c 0593     		str	r3, [sp, #20]
 194:Core/Src/main.c ****   {
 784              		.loc 1 194 3 is_stmt 1 view .LVU252
 194:Core/Src/main.c ****   {
 785              		.loc 1 194 7 is_stmt 0 view .LVU253
 786 004e 01A8     		add	r0, sp, #4
 787 0050 FFF7FEFF 		bl	HAL_RCC_ClockConfig
 788              	.LVL42:
 194:Core/Src/main.c ****   {
 789              		.loc 1 194 6 view .LVU254
 790 0054 20B9     		cbnz	r0, .L49
 198:Core/Src/main.c **** 
 791              		.loc 1 198 1 view .LVU255
 792 0056 11B0     		add	sp, sp, #68
 793              	.LCFI11:
 794              		.cfi_remember_state
 795              		.cfi_def_cfa_offset 4
 796              		@ sp needed
 797 0058 5DF804FB 		ldr	pc, [sp], #4
 798              	.L48:
 799              	.LCFI12:
 800              		.cfi_restore_state
 184:Core/Src/main.c ****   }
 801              		.loc 1 184 5 is_stmt 1 view .LVU256
 802 005c FFF7FEFF 		bl	Error_Handler
 803              	.LVL43:
 804              	.L49:
 196:Core/Src/main.c ****   }
 805              		.loc 1 196 5 view .LVU257
 806 0060 FFF7FEFF 		bl	Error_Handler
 807              	.LVL44:
 808              		.cfi_endproc
 809              	.LFE67:
 811              		.section	.text.main,"ax",%progbits
 812              		.align	1
 813              		.global	main
 814              		.syntax unified
 815              		.thumb
 816              		.thumb_func
 817              		.fpu softvfp
ARM GAS  C:\Users\yjiangck\AppData\Local\Temp\ccIXXNC6.s 			page 27


 819              	main:
 820              	.LFB66:
 113:Core/Src/main.c ****   /* USER CODE BEGIN 1 */
 821              		.loc 1 113 1 view -0
 822              		.cfi_startproc
 823              		@ Volatile: function does not return.
 824              		@ args = 0, pretend = 0, frame = 80
 825              		@ frame_needed = 0, uses_anonymous_args = 0
 826 0000 00B5     		push	{lr}
 827              	.LCFI13:
 828              		.cfi_def_cfa_offset 4
 829              		.cfi_offset 14, -4
 830 0002 97B0     		sub	sp, sp, #92
 831              	.LCFI14:
 832              		.cfi_def_cfa_offset 96
 121:Core/Src/main.c **** 
 833              		.loc 1 121 3 view .LVU259
 834 0004 FFF7FEFF 		bl	HAL_Init
 835              	.LVL45:
 128:Core/Src/main.c **** 
 836              		.loc 1 128 3 view .LVU260
 837 0008 FFF7FEFF 		bl	SystemClock_Config
 838              	.LVL46:
 135:Core/Src/main.c ****   MX_TIM2_Init();
 839              		.loc 1 135 3 view .LVU261
 840 000c FFF7FEFF 		bl	MX_GPIO_Init
 841              	.LVL47:
 136:Core/Src/main.c ****   MX_USART1_UART_Init();
 842              		.loc 1 136 3 view .LVU262
 843 0010 FFF7FEFF 		bl	MX_TIM2_Init
 844              	.LVL48:
 137:Core/Src/main.c ****   /* USER CODE BEGIN 2 */
 845              		.loc 1 137 3 view .LVU263
 846 0014 FFF7FEFF 		bl	MX_USART1_UART_Init
 847              	.LVL49:
 139:Core/Src/main.c **** 
 848              		.loc 1 139 3 view .LVU264
 139:Core/Src/main.c **** 
 849              		.loc 1 139 7 is_stmt 0 view .LVU265
 850 0018 0023     		movs	r3, #0
 851 001a 1593     		str	r3, [sp, #84]
 139:Core/Src/main.c **** 
 852              		.loc 1 139 14 view .LVU266
 853 001c 1493     		str	r3, [sp, #80]
 139:Core/Src/main.c **** 
 854              		.loc 1 139 21 view .LVU267
 855 001e 1393     		str	r3, [sp, #76]
 856 0020 05E0     		b	.L53
 857              	.L55:
 858              	.LBB17:
 157:Core/Src/main.c ****     HAL_Delay(1);
 859              		.loc 1 157 5 is_stmt 1 view .LVU268
 157:Core/Src/main.c ****     HAL_Delay(1);
 860              		.loc 1 157 14 is_stmt 0 view .LVU269
 861 0022 0023     		movs	r3, #0
 862 0024 8DF80830 		strb	r3, [sp, #8]
 158:Core/Src/main.c ****   }
ARM GAS  C:\Users\yjiangck\AppData\Local\Temp\ccIXXNC6.s 			page 28


 863              		.loc 1 158 5 is_stmt 1 view .LVU270
 864 0028 0120     		movs	r0, #1
 865 002a FFF7FEFF 		bl	HAL_Delay
 866              	.LVL50:
 867              	.LBE17:
 145:Core/Src/main.c ****   {
 868              		.loc 1 145 9 view .LVU271
 869              	.L53:
 145:Core/Src/main.c ****   {
 870              		.loc 1 145 3 view .LVU272
 871              	.LBB18:
 150:Core/Src/main.c ****     uint8_t output[64] = {'\0'};
 872              		.loc 1 150 5 view .LVU273
 150:Core/Src/main.c ****     uint8_t output[64] = {'\0'};
 873              		.loc 1 150 13 is_stmt 0 view .LVU274
 874 002e 0021     		movs	r1, #0
 875 0030 8DF80810 		strb	r1, [sp, #8]
 151:Core/Src/main.c ****     while (HAL_UART_Receive(&huart1, input, 1, 100) == HAL_OK)
 876              		.loc 1 151 5 is_stmt 1 view .LVU275
 151:Core/Src/main.c ****     while (HAL_UART_Receive(&huart1, input, 1, 100) == HAL_OK)
 877              		.loc 1 151 13 is_stmt 0 view .LVU276
 878 0034 0391     		str	r1, [sp, #12]
 879 0036 3C22     		movs	r2, #60
 880 0038 04A8     		add	r0, sp, #16
 881 003a FFF7FEFF 		bl	memset
 882              	.LVL51:
 152:Core/Src/main.c ****     {
 883              		.loc 1 152 5 is_stmt 1 view .LVU277
 884              	.L51:
 152:Core/Src/main.c ****     {
 885              		.loc 1 152 11 view .LVU278
 152:Core/Src/main.c ****     {
 886              		.loc 1 152 12 is_stmt 0 view .LVU279
 887 003e 6423     		movs	r3, #100
 888 0040 0122     		movs	r2, #1
 889 0042 02A9     		add	r1, sp, #8
 890 0044 0948     		ldr	r0, .L56
 891 0046 FFF7FEFF 		bl	HAL_UART_Receive
 892              	.LVL52:
 152:Core/Src/main.c ****     {
 893              		.loc 1 152 11 view .LVU280
 894 004a 0028     		cmp	r0, #0
 895 004c E9D1     		bne	.L55
 154:Core/Src/main.c ****       solve(input, output, &a, &b, &s);
 896              		.loc 1 154 7 is_stmt 1 view .LVU281
 897 004e 6423     		movs	r3, #100
 898 0050 0122     		movs	r2, #1
 899 0052 02A9     		add	r1, sp, #8
 900 0054 0548     		ldr	r0, .L56
 901 0056 FFF7FEFF 		bl	HAL_UART_Transmit
 902              	.LVL53:
 155:Core/Src/main.c ****     }
 903              		.loc 1 155 7 view .LVU282
 904 005a 13AB     		add	r3, sp, #76
 905 005c 0093     		str	r3, [sp]
 906 005e 14AB     		add	r3, sp, #80
 907 0060 15AA     		add	r2, sp, #84
ARM GAS  C:\Users\yjiangck\AppData\Local\Temp\ccIXXNC6.s 			page 29


 908 0062 03A9     		add	r1, sp, #12
 909 0064 02A8     		add	r0, sp, #8
 910 0066 FFF7FEFF 		bl	solve
 911              	.LVL54:
 912 006a E8E7     		b	.L51
 913              	.L57:
 914              		.align	2
 915              	.L56:
 916 006c 00000000 		.word	.LANCHOR0
 917              	.LBE18:
 918              		.cfi_endproc
 919              	.LFE66:
 921              		.global	huart1
 922              		.global	htim2
 923              		.section	.bss.htim2,"aw",%nobits
 924              		.align	2
 925              		.set	.LANCHOR1,. + 0
 928              	htim2:
 929 0000 00000000 		.space	72
 929      00000000 
 929      00000000 
 929      00000000 
 929      00000000 
 930              		.section	.bss.huart1,"aw",%nobits
 931              		.align	2
 932              		.set	.LANCHOR0,. + 0
 935              	huart1:
 936 0000 00000000 		.space	68
 936      00000000 
 936      00000000 
 936      00000000 
 936      00000000 
 937              		.text
 938              	.Letext0:
 939              		.file 3 "c:\\msys64\\mingw64\\arm-none-eabi\\include\\machine\\_default_types.h"
 940              		.file 4 "c:\\msys64\\mingw64\\arm-none-eabi\\include\\sys\\_stdint.h"
 941              		.file 5 "Drivers/CMSIS/Device/ST/STM32F1xx/Include/stm32f103xb.h"
 942              		.file 6 "Drivers/STM32F1xx_HAL_Driver/Inc/stm32f1xx_hal_def.h"
 943              		.file 7 "Drivers/STM32F1xx_HAL_Driver/Inc/stm32f1xx_hal_rcc.h"
 944              		.file 8 "Drivers/STM32F1xx_HAL_Driver/Inc/stm32f1xx_hal_rcc_ex.h"
 945              		.file 9 "Drivers/STM32F1xx_HAL_Driver/Inc/stm32f1xx_hal_gpio.h"
 946              		.file 10 "Drivers/STM32F1xx_HAL_Driver/Inc/stm32f1xx_hal_dma.h"
 947              		.file 11 "Drivers/STM32F1xx_HAL_Driver/Inc/stm32f1xx_hal_tim.h"
 948              		.file 12 "Drivers/STM32F1xx_HAL_Driver/Inc/stm32f1xx_hal_uart.h"
 949              		.file 13 "Drivers/STM32F1xx_HAL_Driver/Inc/stm32f1xx_hal_tim_ex.h"
 950              		.file 14 "Core/Inc/main.h"
 951              		.file 15 "Drivers/STM32F1xx_HAL_Driver/Inc/stm32f1xx_hal.h"
 952              		.file 16 "<built-in>"
ARM GAS  C:\Users\yjiangck\AppData\Local\Temp\ccIXXNC6.s 			page 30


DEFINED SYMBOLS
                            *ABS*:0000000000000000 main.c
C:\Users\yjiangck\AppData\Local\Temp\ccIXXNC6.s:16     .text.MX_GPIO_Init:0000000000000000 $t
C:\Users\yjiangck\AppData\Local\Temp\ccIXXNC6.s:23     .text.MX_GPIO_Init:0000000000000000 MX_GPIO_Init
C:\Users\yjiangck\AppData\Local\Temp\ccIXXNC6.s:197    .text.MX_GPIO_Init:00000000000000d0 $d
C:\Users\yjiangck\AppData\Local\Temp\ccIXXNC6.s:205    .text.solve:0000000000000000 $t
C:\Users\yjiangck\AppData\Local\Temp\ccIXXNC6.s:212    .text.solve:0000000000000000 solve
C:\Users\yjiangck\AppData\Local\Temp\ccIXXNC6.s:454    .text.solve:00000000000000d0 $d
C:\Users\yjiangck\AppData\Local\Temp\ccIXXNC6.s:460    .text.Error_Handler:0000000000000000 $t
C:\Users\yjiangck\AppData\Local\Temp\ccIXXNC6.s:467    .text.Error_Handler:0000000000000000 Error_Handler
C:\Users\yjiangck\AppData\Local\Temp\ccIXXNC6.s:499    .text.MX_TIM2_Init:0000000000000000 $t
C:\Users\yjiangck\AppData\Local\Temp\ccIXXNC6.s:505    .text.MX_TIM2_Init:0000000000000000 MX_TIM2_Init
C:\Users\yjiangck\AppData\Local\Temp\ccIXXNC6.s:626    .text.MX_TIM2_Init:0000000000000078 $d
C:\Users\yjiangck\AppData\Local\Temp\ccIXXNC6.s:631    .text.MX_USART1_UART_Init:0000000000000000 $t
C:\Users\yjiangck\AppData\Local\Temp\ccIXXNC6.s:637    .text.MX_USART1_UART_Init:0000000000000000 MX_USART1_UART_Init
C:\Users\yjiangck\AppData\Local\Temp\ccIXXNC6.s:694    .text.MX_USART1_UART_Init:0000000000000034 $d
C:\Users\yjiangck\AppData\Local\Temp\ccIXXNC6.s:700    .text.SystemClock_Config:0000000000000000 $t
C:\Users\yjiangck\AppData\Local\Temp\ccIXXNC6.s:707    .text.SystemClock_Config:0000000000000000 SystemClock_Config
C:\Users\yjiangck\AppData\Local\Temp\ccIXXNC6.s:812    .text.main:0000000000000000 $t
C:\Users\yjiangck\AppData\Local\Temp\ccIXXNC6.s:819    .text.main:0000000000000000 main
C:\Users\yjiangck\AppData\Local\Temp\ccIXXNC6.s:916    .text.main:000000000000006c $d
C:\Users\yjiangck\AppData\Local\Temp\ccIXXNC6.s:935    .bss.huart1:0000000000000000 huart1
C:\Users\yjiangck\AppData\Local\Temp\ccIXXNC6.s:928    .bss.htim2:0000000000000000 htim2
C:\Users\yjiangck\AppData\Local\Temp\ccIXXNC6.s:924    .bss.htim2:0000000000000000 $d
C:\Users\yjiangck\AppData\Local\Temp\ccIXXNC6.s:931    .bss.huart1:0000000000000000 $d

UNDEFINED SYMBOLS
HAL_GPIO_WritePin
HAL_GPIO_Init
HAL_UART_Transmit
HAL_TIM_PWM_Init
HAL_TIMEx_MasterConfigSynchronization
HAL_TIM_PWM_ConfigChannel
HAL_TIM_MspPostInit
HAL_UART_Init
memset
HAL_RCC_OscConfig
HAL_RCC_ClockConfig
HAL_Init
HAL_Delay
HAL_UART_Receive
