ARM GAS  C:\Users\yjiangck\AppData\Local\Temp\ccgRXvKb.s 			page 1


   1              		.cpu cortex-m3
   2              		.eabi_attribute 20, 1
   3              		.eabi_attribute 21, 1
   4              		.eabi_attribute 23, 3
   5              		.eabi_attribute 24, 1
   6              		.eabi_attribute 25, 1
   7              		.eabi_attribute 26, 1
   8              		.eabi_attribute 30, 1
   9              		.eabi_attribute 34, 1
  10              		.eabi_attribute 18, 4
  11              		.file	"main.c"
  12              		.text
  13              	.Ltext0:
  14              		.cfi_sections	.debug_frame
  15              		.section	.text.MX_GPIO_Init,"ax",%progbits
  16              		.align	1
  17              		.arch armv7-m
  18              		.syntax unified
  19              		.thumb
  20              		.thumb_func
  21              		.fpu softvfp
  23              	MX_GPIO_Init:
  24              	.LFB67:
  25              		.file 1 "Core/Src/main.c"
   1:Core/Src/main.c **** /* USER CODE BEGIN Header */
   2:Core/Src/main.c **** /**
   3:Core/Src/main.c ****   ******************************************************************************
   4:Core/Src/main.c ****   * @file           : main.c
   5:Core/Src/main.c ****   * @brief          : Main program body
   6:Core/Src/main.c ****   ******************************************************************************
   7:Core/Src/main.c ****   * @attention
   8:Core/Src/main.c ****   *
   9:Core/Src/main.c ****   * <h2><center>&copy; Copyright (c) 2021 STMicroelectronics.
  10:Core/Src/main.c ****   * All rights reserved.</center></h2>
  11:Core/Src/main.c ****   *
  12:Core/Src/main.c ****   * This software component is licensed by ST under BSD 3-Clause license,
  13:Core/Src/main.c ****   * the "License"; You may not use this file except in compliance with the
  14:Core/Src/main.c ****   * License. You may obtain a copy of the License at:
  15:Core/Src/main.c ****   *                        opensource.org/licenses/BSD-3-Clause
  16:Core/Src/main.c ****   *
  17:Core/Src/main.c ****   ******************************************************************************
  18:Core/Src/main.c ****   */
  19:Core/Src/main.c **** /* USER CODE END Header */
  20:Core/Src/main.c **** /* Includes ------------------------------------------------------------------*/
  21:Core/Src/main.c **** #include "main.h"
  22:Core/Src/main.c **** 
  23:Core/Src/main.c **** /* Private includes ----------------------------------------------------------*/
  24:Core/Src/main.c **** /* USER CODE BEGIN Includes */
  25:Core/Src/main.c **** 
  26:Core/Src/main.c **** /* USER CODE END Includes */
  27:Core/Src/main.c **** 
  28:Core/Src/main.c **** /* Private typedef -----------------------------------------------------------*/
  29:Core/Src/main.c **** /* USER CODE BEGIN PTD */
  30:Core/Src/main.c **** 
  31:Core/Src/main.c **** /* USER CODE END PTD */
  32:Core/Src/main.c **** 
  33:Core/Src/main.c **** /* Private define ------------------------------------------------------------*/
ARM GAS  C:\Users\yjiangck\AppData\Local\Temp\ccgRXvKb.s 			page 2


  34:Core/Src/main.c **** /* USER CODE BEGIN PD */
  35:Core/Src/main.c **** /* USER CODE END PD */
  36:Core/Src/main.c **** 
  37:Core/Src/main.c **** /* Private macro -------------------------------------------------------------*/
  38:Core/Src/main.c **** /* USER CODE BEGIN PM */
  39:Core/Src/main.c **** 
  40:Core/Src/main.c **** /* USER CODE END PM */
  41:Core/Src/main.c **** 
  42:Core/Src/main.c **** /* Private variables ---------------------------------------------------------*/
  43:Core/Src/main.c **** 
  44:Core/Src/main.c **** /* USER CODE BEGIN PV */
  45:Core/Src/main.c **** 
  46:Core/Src/main.c **** /* USER CODE END PV */
  47:Core/Src/main.c **** 
  48:Core/Src/main.c **** /* Private function prototypes -----------------------------------------------*/
  49:Core/Src/main.c **** void SystemClock_Config(void);
  50:Core/Src/main.c **** static void MX_GPIO_Init(void);
  51:Core/Src/main.c **** /* USER CODE BEGIN PFP */
  52:Core/Src/main.c **** 
  53:Core/Src/main.c **** /* USER CODE END PFP */
  54:Core/Src/main.c **** 
  55:Core/Src/main.c **** /* Private user code ---------------------------------------------------------*/
  56:Core/Src/main.c **** /* USER CODE BEGIN 0 */
  57:Core/Src/main.c **** 
  58:Core/Src/main.c **** /* USER CODE END 0 */
  59:Core/Src/main.c **** 
  60:Core/Src/main.c **** /**
  61:Core/Src/main.c ****   * @brief  The application entry point.
  62:Core/Src/main.c ****   * @retval int
  63:Core/Src/main.c ****   */
  64:Core/Src/main.c **** int main(void)
  65:Core/Src/main.c **** {
  66:Core/Src/main.c ****   /* USER CODE BEGIN 1 */
  67:Core/Src/main.c **** 
  68:Core/Src/main.c ****   /* USER CODE END 1 */
  69:Core/Src/main.c **** 
  70:Core/Src/main.c ****   /* MCU Configuration--------------------------------------------------------*/
  71:Core/Src/main.c **** 
  72:Core/Src/main.c ****   /* Reset of all peripherals, Initializes the Flash interface and the Systick. */
  73:Core/Src/main.c ****   HAL_Init();
  74:Core/Src/main.c **** 
  75:Core/Src/main.c ****   /* USER CODE BEGIN Init */
  76:Core/Src/main.c **** 
  77:Core/Src/main.c ****   /* USER CODE END Init */
  78:Core/Src/main.c **** 
  79:Core/Src/main.c ****   /* Configure the system clock */
  80:Core/Src/main.c ****   SystemClock_Config();
  81:Core/Src/main.c **** 
  82:Core/Src/main.c ****   /* USER CODE BEGIN SysInit */
  83:Core/Src/main.c **** 
  84:Core/Src/main.c ****   /* USER CODE END SysInit */
  85:Core/Src/main.c **** 
  86:Core/Src/main.c ****   /* Initialize all configured peripherals */
  87:Core/Src/main.c ****   MX_GPIO_Init();
  88:Core/Src/main.c ****   /* USER CODE BEGIN 2 */
  89:Core/Src/main.c **** 
  90:Core/Src/main.c ****   /* USER CODE END 2 */
ARM GAS  C:\Users\yjiangck\AppData\Local\Temp\ccgRXvKb.s 			page 3


  91:Core/Src/main.c **** 
  92:Core/Src/main.c ****   /* Infinite loop */
  93:Core/Src/main.c ****   /* USER CODE BEGIN WHILE */
  94:Core/Src/main.c ****   while (1)
  95:Core/Src/main.c ****   {
  96:Core/Src/main.c ****     /* USER CODE END WHILE */
  97:Core/Src/main.c **** 
  98:Core/Src/main.c ****     /* USER CODE BEGIN 3 */
  99:Core/Src/main.c **** 
 100:Core/Src/main.c ****     // LED ON
 101:Core/Src/main.c ****     HAL_GPIO_WritePin(LED_GPIO_Port, LED_Pin, GPIO_PIN_SET);
 102:Core/Src/main.c ****     HAL_Delay(100);
 103:Core/Src/main.c ****     // LED OFF
 104:Core/Src/main.c ****     HAL_GPIO_WritePin(LED_GPIO_Port, LED_Pin, GPIO_PIN_RESET);
 105:Core/Src/main.c ****     HAL_Delay(100);
 106:Core/Src/main.c **** 
 107:Core/Src/main.c ****     // LED ON
 108:Core/Src/main.c ****     HAL_GPIO_WritePin(LED_GPIO_Port, LED_Pin, GPIO_PIN_SET);
 109:Core/Src/main.c ****     HAL_Delay(300);
 110:Core/Src/main.c ****     // LED OFF
 111:Core/Src/main.c ****     HAL_GPIO_WritePin(LED_GPIO_Port, LED_Pin, GPIO_PIN_RESET);
 112:Core/Src/main.c ****     HAL_Delay(100);
 113:Core/Src/main.c **** 
 114:Core/Src/main.c ****     // LED ON
 115:Core/Src/main.c ****     HAL_GPIO_WritePin(LED_GPIO_Port, LED_Pin, GPIO_PIN_SET);
 116:Core/Src/main.c ****     HAL_Delay(100);
 117:Core/Src/main.c ****     // LED OFF
 118:Core/Src/main.c ****     HAL_GPIO_WritePin(LED_GPIO_Port, LED_Pin, GPIO_PIN_RESET);
 119:Core/Src/main.c ****     
 120:Core/Src/main.c ****     HAL_Delay(300);
 121:Core/Src/main.c **** 
 122:Core/Src/main.c **** 
 123:Core/Src/main.c ****     // LED ON
 124:Core/Src/main.c ****     HAL_GPIO_WritePin(LED_GPIO_Port, LED_Pin, GPIO_PIN_SET);
 125:Core/Src/main.c ****     HAL_Delay(300);
 126:Core/Src/main.c ****     // LED OFF
 127:Core/Src/main.c ****     HAL_GPIO_WritePin(LED_GPIO_Port, LED_Pin, GPIO_PIN_RESET);
 128:Core/Src/main.c ****     HAL_Delay(100);
 129:Core/Src/main.c **** 
 130:Core/Src/main.c ****     // LED ON
 131:Core/Src/main.c ****     HAL_GPIO_WritePin(LED_GPIO_Port, LED_Pin, GPIO_PIN_SET);
 132:Core/Src/main.c ****     HAL_Delay(300);
 133:Core/Src/main.c ****     // LED OFF
 134:Core/Src/main.c ****     HAL_GPIO_WritePin(LED_GPIO_Port, LED_Pin, GPIO_PIN_RESET);
 135:Core/Src/main.c **** 
 136:Core/Src/main.c ****     HAL_Delay(600);
 137:Core/Src/main.c ****     
 138:Core/Src/main.c ****   }
 139:Core/Src/main.c ****   /* USER CODE END 3 */
 140:Core/Src/main.c **** }
 141:Core/Src/main.c **** 
 142:Core/Src/main.c **** /**
 143:Core/Src/main.c ****   * @brief System Clock Configuration
 144:Core/Src/main.c ****   * @retval None
 145:Core/Src/main.c ****   */
 146:Core/Src/main.c **** void SystemClock_Config(void)
 147:Core/Src/main.c **** {
ARM GAS  C:\Users\yjiangck\AppData\Local\Temp\ccgRXvKb.s 			page 4


 148:Core/Src/main.c ****   RCC_OscInitTypeDef RCC_OscInitStruct = {0};
 149:Core/Src/main.c ****   RCC_ClkInitTypeDef RCC_ClkInitStruct = {0};
 150:Core/Src/main.c **** 
 151:Core/Src/main.c ****   /** Initializes the RCC Oscillators according to the specified parameters
 152:Core/Src/main.c ****   * in the RCC_OscInitTypeDef structure.
 153:Core/Src/main.c ****   */
 154:Core/Src/main.c ****   RCC_OscInitStruct.OscillatorType = RCC_OSCILLATORTYPE_HSE;
 155:Core/Src/main.c ****   RCC_OscInitStruct.HSEState = RCC_HSE_ON;
 156:Core/Src/main.c ****   RCC_OscInitStruct.HSEPredivValue = RCC_HSE_PREDIV_DIV1;
 157:Core/Src/main.c ****   RCC_OscInitStruct.HSIState = RCC_HSI_ON;
 158:Core/Src/main.c ****   RCC_OscInitStruct.PLL.PLLState = RCC_PLL_ON;
 159:Core/Src/main.c ****   RCC_OscInitStruct.PLL.PLLSource = RCC_PLLSOURCE_HSE;
 160:Core/Src/main.c ****   RCC_OscInitStruct.PLL.PLLMUL = RCC_PLL_MUL9;
 161:Core/Src/main.c ****   if (HAL_RCC_OscConfig(&RCC_OscInitStruct) != HAL_OK)
 162:Core/Src/main.c ****   {
 163:Core/Src/main.c ****     Error_Handler();
 164:Core/Src/main.c ****   }
 165:Core/Src/main.c ****   /** Initializes the CPU, AHB and APB buses clocks
 166:Core/Src/main.c ****   */
 167:Core/Src/main.c ****   RCC_ClkInitStruct.ClockType = RCC_CLOCKTYPE_HCLK|RCC_CLOCKTYPE_SYSCLK
 168:Core/Src/main.c ****                               |RCC_CLOCKTYPE_PCLK1|RCC_CLOCKTYPE_PCLK2;
 169:Core/Src/main.c ****   RCC_ClkInitStruct.SYSCLKSource = RCC_SYSCLKSOURCE_PLLCLK;
 170:Core/Src/main.c ****   RCC_ClkInitStruct.AHBCLKDivider = RCC_SYSCLK_DIV1;
 171:Core/Src/main.c ****   RCC_ClkInitStruct.APB1CLKDivider = RCC_HCLK_DIV2;
 172:Core/Src/main.c ****   RCC_ClkInitStruct.APB2CLKDivider = RCC_HCLK_DIV1;
 173:Core/Src/main.c **** 
 174:Core/Src/main.c ****   if (HAL_RCC_ClockConfig(&RCC_ClkInitStruct, FLASH_LATENCY_2) != HAL_OK)
 175:Core/Src/main.c ****   {
 176:Core/Src/main.c ****     Error_Handler();
 177:Core/Src/main.c ****   }
 178:Core/Src/main.c **** }
 179:Core/Src/main.c **** 
 180:Core/Src/main.c **** /**
 181:Core/Src/main.c ****   * @brief GPIO Initialization Function
 182:Core/Src/main.c ****   * @param None
 183:Core/Src/main.c ****   * @retval None
 184:Core/Src/main.c ****   */
 185:Core/Src/main.c **** static void MX_GPIO_Init(void)
 186:Core/Src/main.c **** {
  26              		.loc 1 186 1 view -0
  27              		.cfi_startproc
  28              		@ args = 0, pretend = 0, frame = 32
  29              		@ frame_needed = 0, uses_anonymous_args = 0
  30 0000 30B5     		push	{r4, r5, lr}
  31              	.LCFI0:
  32              		.cfi_def_cfa_offset 12
  33              		.cfi_offset 4, -12
  34              		.cfi_offset 5, -8
  35              		.cfi_offset 14, -4
  36 0002 89B0     		sub	sp, sp, #36
  37              	.LCFI1:
  38              		.cfi_def_cfa_offset 48
 187:Core/Src/main.c ****   GPIO_InitTypeDef GPIO_InitStruct = {0};
  39              		.loc 1 187 3 view .LVU1
  40              		.loc 1 187 20 is_stmt 0 view .LVU2
  41 0004 0024     		movs	r4, #0
  42 0006 0494     		str	r4, [sp, #16]
ARM GAS  C:\Users\yjiangck\AppData\Local\Temp\ccgRXvKb.s 			page 5


  43 0008 0594     		str	r4, [sp, #20]
  44 000a 0694     		str	r4, [sp, #24]
  45 000c 0794     		str	r4, [sp, #28]
 188:Core/Src/main.c **** 
 189:Core/Src/main.c ****   /* GPIO Ports Clock Enable */
 190:Core/Src/main.c ****   __HAL_RCC_GPIOC_CLK_ENABLE();
  46              		.loc 1 190 3 is_stmt 1 view .LVU3
  47              	.LBB4:
  48              		.loc 1 190 3 view .LVU4
  49              		.loc 1 190 3 view .LVU5
  50 000e 184B     		ldr	r3, .L3
  51 0010 9A69     		ldr	r2, [r3, #24]
  52 0012 42F01002 		orr	r2, r2, #16
  53 0016 9A61     		str	r2, [r3, #24]
  54              		.loc 1 190 3 view .LVU6
  55 0018 9A69     		ldr	r2, [r3, #24]
  56 001a 02F01002 		and	r2, r2, #16
  57 001e 0192     		str	r2, [sp, #4]
  58              		.loc 1 190 3 view .LVU7
  59 0020 019A     		ldr	r2, [sp, #4]
  60              	.LBE4:
  61              		.loc 1 190 3 view .LVU8
 191:Core/Src/main.c ****   __HAL_RCC_GPIOD_CLK_ENABLE();
  62              		.loc 1 191 3 view .LVU9
  63              	.LBB5:
  64              		.loc 1 191 3 view .LVU10
  65              		.loc 1 191 3 view .LVU11
  66 0022 9A69     		ldr	r2, [r3, #24]
  67 0024 42F02002 		orr	r2, r2, #32
  68 0028 9A61     		str	r2, [r3, #24]
  69              		.loc 1 191 3 view .LVU12
  70 002a 9A69     		ldr	r2, [r3, #24]
  71 002c 02F02002 		and	r2, r2, #32
  72 0030 0292     		str	r2, [sp, #8]
  73              		.loc 1 191 3 view .LVU13
  74 0032 029A     		ldr	r2, [sp, #8]
  75              	.LBE5:
  76              		.loc 1 191 3 view .LVU14
 192:Core/Src/main.c ****   __HAL_RCC_GPIOA_CLK_ENABLE();
  77              		.loc 1 192 3 view .LVU15
  78              	.LBB6:
  79              		.loc 1 192 3 view .LVU16
  80              		.loc 1 192 3 view .LVU17
  81 0034 9A69     		ldr	r2, [r3, #24]
  82 0036 42F00402 		orr	r2, r2, #4
  83 003a 9A61     		str	r2, [r3, #24]
  84              		.loc 1 192 3 view .LVU18
  85 003c 9B69     		ldr	r3, [r3, #24]
  86 003e 03F00403 		and	r3, r3, #4
  87 0042 0393     		str	r3, [sp, #12]
  88              		.loc 1 192 3 view .LVU19
  89 0044 039B     		ldr	r3, [sp, #12]
  90              	.LBE6:
  91              		.loc 1 192 3 view .LVU20
 193:Core/Src/main.c **** 
 194:Core/Src/main.c ****   /*Configure GPIO pin Output Level */
 195:Core/Src/main.c ****   HAL_GPIO_WritePin(LED_GPIO_Port, LED_Pin, GPIO_PIN_RESET);
ARM GAS  C:\Users\yjiangck\AppData\Local\Temp\ccgRXvKb.s 			page 6


  92              		.loc 1 195 3 view .LVU21
  93 0046 0B4D     		ldr	r5, .L3+4
  94 0048 2246     		mov	r2, r4
  95 004a 4FF40051 		mov	r1, #8192
  96 004e 2846     		mov	r0, r5
  97 0050 FFF7FEFF 		bl	HAL_GPIO_WritePin
  98              	.LVL0:
 196:Core/Src/main.c **** 
 197:Core/Src/main.c ****   /*Configure GPIO pin : LED_Pin */
 198:Core/Src/main.c ****   GPIO_InitStruct.Pin = LED_Pin;
  99              		.loc 1 198 3 view .LVU22
 100              		.loc 1 198 23 is_stmt 0 view .LVU23
 101 0054 4FF40053 		mov	r3, #8192
 102 0058 0493     		str	r3, [sp, #16]
 199:Core/Src/main.c ****   GPIO_InitStruct.Mode = GPIO_MODE_OUTPUT_PP;
 103              		.loc 1 199 3 is_stmt 1 view .LVU24
 104              		.loc 1 199 24 is_stmt 0 view .LVU25
 105 005a 0123     		movs	r3, #1
 106 005c 0593     		str	r3, [sp, #20]
 200:Core/Src/main.c ****   GPIO_InitStruct.Pull = GPIO_NOPULL;
 107              		.loc 1 200 3 is_stmt 1 view .LVU26
 108              		.loc 1 200 24 is_stmt 0 view .LVU27
 109 005e 0694     		str	r4, [sp, #24]
 201:Core/Src/main.c ****   GPIO_InitStruct.Speed = GPIO_SPEED_FREQ_LOW;
 110              		.loc 1 201 3 is_stmt 1 view .LVU28
 111              		.loc 1 201 25 is_stmt 0 view .LVU29
 112 0060 0223     		movs	r3, #2
 113 0062 0793     		str	r3, [sp, #28]
 202:Core/Src/main.c ****   HAL_GPIO_Init(LED_GPIO_Port, &GPIO_InitStruct);
 114              		.loc 1 202 3 is_stmt 1 view .LVU30
 115 0064 04A9     		add	r1, sp, #16
 116 0066 2846     		mov	r0, r5
 117 0068 FFF7FEFF 		bl	HAL_GPIO_Init
 118              	.LVL1:
 203:Core/Src/main.c **** 
 204:Core/Src/main.c **** }
 119              		.loc 1 204 1 is_stmt 0 view .LVU31
 120 006c 09B0     		add	sp, sp, #36
 121              	.LCFI2:
 122              		.cfi_def_cfa_offset 12
 123              		@ sp needed
 124 006e 30BD     		pop	{r4, r5, pc}
 125              	.L4:
 126              		.align	2
 127              	.L3:
 128 0070 00100240 		.word	1073876992
 129 0074 00100140 		.word	1073811456
 130              		.cfi_endproc
 131              	.LFE67:
 133              		.section	.text.Error_Handler,"ax",%progbits
 134              		.align	1
 135              		.global	Error_Handler
 136              		.syntax unified
 137              		.thumb
 138              		.thumb_func
 139              		.fpu softvfp
 141              	Error_Handler:
ARM GAS  C:\Users\yjiangck\AppData\Local\Temp\ccgRXvKb.s 			page 7


 142              	.LFB68:
 205:Core/Src/main.c **** 
 206:Core/Src/main.c **** /* USER CODE BEGIN 4 */
 207:Core/Src/main.c **** 
 208:Core/Src/main.c **** /* USER CODE END 4 */
 209:Core/Src/main.c **** 
 210:Core/Src/main.c **** /**
 211:Core/Src/main.c ****   * @brief  This function is executed in case of error occurrence.
 212:Core/Src/main.c ****   * @retval None
 213:Core/Src/main.c ****   */
 214:Core/Src/main.c **** void Error_Handler(void)
 215:Core/Src/main.c **** {
 143              		.loc 1 215 1 is_stmt 1 view -0
 144              		.cfi_startproc
 145              		@ Volatile: function does not return.
 146              		@ args = 0, pretend = 0, frame = 0
 147              		@ frame_needed = 0, uses_anonymous_args = 0
 148              		@ link register save eliminated.
 216:Core/Src/main.c ****   /* USER CODE BEGIN Error_Handler_Debug */
 217:Core/Src/main.c ****   /* User can add his own implementation to report the HAL error return state */
 218:Core/Src/main.c ****   __disable_irq();
 149              		.loc 1 218 3 view .LVU33
 150              	.LBB7:
 151              	.LBI7:
 152              		.file 2 "Drivers/CMSIS/Include/cmsis_gcc.h"
   1:Drivers/CMSIS/Include/cmsis_gcc.h **** /**************************************************************************//**
   2:Drivers/CMSIS/Include/cmsis_gcc.h ****  * @file     cmsis_gcc.h
   3:Drivers/CMSIS/Include/cmsis_gcc.h ****  * @brief    CMSIS compiler GCC header file
   4:Drivers/CMSIS/Include/cmsis_gcc.h ****  * @version  V5.0.4
   5:Drivers/CMSIS/Include/cmsis_gcc.h ****  * @date     09. April 2018
   6:Drivers/CMSIS/Include/cmsis_gcc.h ****  ******************************************************************************/
   7:Drivers/CMSIS/Include/cmsis_gcc.h **** /*
   8:Drivers/CMSIS/Include/cmsis_gcc.h ****  * Copyright (c) 2009-2018 Arm Limited. All rights reserved.
   9:Drivers/CMSIS/Include/cmsis_gcc.h ****  *
  10:Drivers/CMSIS/Include/cmsis_gcc.h ****  * SPDX-License-Identifier: Apache-2.0
  11:Drivers/CMSIS/Include/cmsis_gcc.h ****  *
  12:Drivers/CMSIS/Include/cmsis_gcc.h ****  * Licensed under the Apache License, Version 2.0 (the License); you may
  13:Drivers/CMSIS/Include/cmsis_gcc.h ****  * not use this file except in compliance with the License.
  14:Drivers/CMSIS/Include/cmsis_gcc.h ****  * You may obtain a copy of the License at
  15:Drivers/CMSIS/Include/cmsis_gcc.h ****  *
  16:Drivers/CMSIS/Include/cmsis_gcc.h ****  * www.apache.org/licenses/LICENSE-2.0
  17:Drivers/CMSIS/Include/cmsis_gcc.h ****  *
  18:Drivers/CMSIS/Include/cmsis_gcc.h ****  * Unless required by applicable law or agreed to in writing, software
  19:Drivers/CMSIS/Include/cmsis_gcc.h ****  * distributed under the License is distributed on an AS IS BASIS, WITHOUT
  20:Drivers/CMSIS/Include/cmsis_gcc.h ****  * WARRANTIES OR CONDITIONS OF ANY KIND, either express or implied.
  21:Drivers/CMSIS/Include/cmsis_gcc.h ****  * See the License for the specific language governing permissions and
  22:Drivers/CMSIS/Include/cmsis_gcc.h ****  * limitations under the License.
  23:Drivers/CMSIS/Include/cmsis_gcc.h ****  */
  24:Drivers/CMSIS/Include/cmsis_gcc.h **** 
  25:Drivers/CMSIS/Include/cmsis_gcc.h **** #ifndef __CMSIS_GCC_H
  26:Drivers/CMSIS/Include/cmsis_gcc.h **** #define __CMSIS_GCC_H
  27:Drivers/CMSIS/Include/cmsis_gcc.h **** 
  28:Drivers/CMSIS/Include/cmsis_gcc.h **** /* ignore some GCC warnings */
  29:Drivers/CMSIS/Include/cmsis_gcc.h **** #pragma GCC diagnostic push
  30:Drivers/CMSIS/Include/cmsis_gcc.h **** #pragma GCC diagnostic ignored "-Wsign-conversion"
  31:Drivers/CMSIS/Include/cmsis_gcc.h **** #pragma GCC diagnostic ignored "-Wconversion"
  32:Drivers/CMSIS/Include/cmsis_gcc.h **** #pragma GCC diagnostic ignored "-Wunused-parameter"
ARM GAS  C:\Users\yjiangck\AppData\Local\Temp\ccgRXvKb.s 			page 8


  33:Drivers/CMSIS/Include/cmsis_gcc.h **** 
  34:Drivers/CMSIS/Include/cmsis_gcc.h **** /* Fallback for __has_builtin */
  35:Drivers/CMSIS/Include/cmsis_gcc.h **** #ifndef __has_builtin
  36:Drivers/CMSIS/Include/cmsis_gcc.h ****   #define __has_builtin(x) (0)
  37:Drivers/CMSIS/Include/cmsis_gcc.h **** #endif
  38:Drivers/CMSIS/Include/cmsis_gcc.h **** 
  39:Drivers/CMSIS/Include/cmsis_gcc.h **** /* CMSIS compiler specific defines */
  40:Drivers/CMSIS/Include/cmsis_gcc.h **** #ifndef   __ASM
  41:Drivers/CMSIS/Include/cmsis_gcc.h ****   #define __ASM                                  __asm
  42:Drivers/CMSIS/Include/cmsis_gcc.h **** #endif
  43:Drivers/CMSIS/Include/cmsis_gcc.h **** #ifndef   __INLINE
  44:Drivers/CMSIS/Include/cmsis_gcc.h ****   #define __INLINE                               inline
  45:Drivers/CMSIS/Include/cmsis_gcc.h **** #endif
  46:Drivers/CMSIS/Include/cmsis_gcc.h **** #ifndef   __STATIC_INLINE
  47:Drivers/CMSIS/Include/cmsis_gcc.h ****   #define __STATIC_INLINE                        static inline
  48:Drivers/CMSIS/Include/cmsis_gcc.h **** #endif
  49:Drivers/CMSIS/Include/cmsis_gcc.h **** #ifndef   __STATIC_FORCEINLINE                 
  50:Drivers/CMSIS/Include/cmsis_gcc.h ****   #define __STATIC_FORCEINLINE                   __attribute__((always_inline)) static inline
  51:Drivers/CMSIS/Include/cmsis_gcc.h **** #endif                                           
  52:Drivers/CMSIS/Include/cmsis_gcc.h **** #ifndef   __NO_RETURN
  53:Drivers/CMSIS/Include/cmsis_gcc.h ****   #define __NO_RETURN                            __attribute__((__noreturn__))
  54:Drivers/CMSIS/Include/cmsis_gcc.h **** #endif
  55:Drivers/CMSIS/Include/cmsis_gcc.h **** #ifndef   __USED
  56:Drivers/CMSIS/Include/cmsis_gcc.h ****   #define __USED                                 __attribute__((used))
  57:Drivers/CMSIS/Include/cmsis_gcc.h **** #endif
  58:Drivers/CMSIS/Include/cmsis_gcc.h **** #ifndef   __WEAK
  59:Drivers/CMSIS/Include/cmsis_gcc.h ****   #define __WEAK                                 __attribute__((weak))
  60:Drivers/CMSIS/Include/cmsis_gcc.h **** #endif
  61:Drivers/CMSIS/Include/cmsis_gcc.h **** #ifndef   __PACKED
  62:Drivers/CMSIS/Include/cmsis_gcc.h ****   #define __PACKED                               __attribute__((packed, aligned(1)))
  63:Drivers/CMSIS/Include/cmsis_gcc.h **** #endif
  64:Drivers/CMSIS/Include/cmsis_gcc.h **** #ifndef   __PACKED_STRUCT
  65:Drivers/CMSIS/Include/cmsis_gcc.h ****   #define __PACKED_STRUCT                        struct __attribute__((packed, aligned(1)))
  66:Drivers/CMSIS/Include/cmsis_gcc.h **** #endif
  67:Drivers/CMSIS/Include/cmsis_gcc.h **** #ifndef   __PACKED_UNION
  68:Drivers/CMSIS/Include/cmsis_gcc.h ****   #define __PACKED_UNION                         union __attribute__((packed, aligned(1)))
  69:Drivers/CMSIS/Include/cmsis_gcc.h **** #endif
  70:Drivers/CMSIS/Include/cmsis_gcc.h **** #ifndef   __UNALIGNED_UINT32        /* deprecated */
  71:Drivers/CMSIS/Include/cmsis_gcc.h ****   #pragma GCC diagnostic push
  72:Drivers/CMSIS/Include/cmsis_gcc.h ****   #pragma GCC diagnostic ignored "-Wpacked"
  73:Drivers/CMSIS/Include/cmsis_gcc.h ****   #pragma GCC diagnostic ignored "-Wattributes"
  74:Drivers/CMSIS/Include/cmsis_gcc.h ****   struct __attribute__((packed)) T_UINT32 { uint32_t v; };
  75:Drivers/CMSIS/Include/cmsis_gcc.h ****   #pragma GCC diagnostic pop
  76:Drivers/CMSIS/Include/cmsis_gcc.h ****   #define __UNALIGNED_UINT32(x)                  (((struct T_UINT32 *)(x))->v)
  77:Drivers/CMSIS/Include/cmsis_gcc.h **** #endif
  78:Drivers/CMSIS/Include/cmsis_gcc.h **** #ifndef   __UNALIGNED_UINT16_WRITE
  79:Drivers/CMSIS/Include/cmsis_gcc.h ****   #pragma GCC diagnostic push
  80:Drivers/CMSIS/Include/cmsis_gcc.h ****   #pragma GCC diagnostic ignored "-Wpacked"
  81:Drivers/CMSIS/Include/cmsis_gcc.h ****   #pragma GCC diagnostic ignored "-Wattributes"
  82:Drivers/CMSIS/Include/cmsis_gcc.h ****   __PACKED_STRUCT T_UINT16_WRITE { uint16_t v; };
  83:Drivers/CMSIS/Include/cmsis_gcc.h ****   #pragma GCC diagnostic pop
  84:Drivers/CMSIS/Include/cmsis_gcc.h ****   #define __UNALIGNED_UINT16_WRITE(addr, val)    (void)((((struct T_UINT16_WRITE *)(void *)(addr))-
  85:Drivers/CMSIS/Include/cmsis_gcc.h **** #endif
  86:Drivers/CMSIS/Include/cmsis_gcc.h **** #ifndef   __UNALIGNED_UINT16_READ
  87:Drivers/CMSIS/Include/cmsis_gcc.h ****   #pragma GCC diagnostic push
  88:Drivers/CMSIS/Include/cmsis_gcc.h ****   #pragma GCC diagnostic ignored "-Wpacked"
  89:Drivers/CMSIS/Include/cmsis_gcc.h ****   #pragma GCC diagnostic ignored "-Wattributes"
ARM GAS  C:\Users\yjiangck\AppData\Local\Temp\ccgRXvKb.s 			page 9


  90:Drivers/CMSIS/Include/cmsis_gcc.h ****   __PACKED_STRUCT T_UINT16_READ { uint16_t v; };
  91:Drivers/CMSIS/Include/cmsis_gcc.h ****   #pragma GCC diagnostic pop
  92:Drivers/CMSIS/Include/cmsis_gcc.h ****   #define __UNALIGNED_UINT16_READ(addr)          (((const struct T_UINT16_READ *)(const void *)(add
  93:Drivers/CMSIS/Include/cmsis_gcc.h **** #endif
  94:Drivers/CMSIS/Include/cmsis_gcc.h **** #ifndef   __UNALIGNED_UINT32_WRITE
  95:Drivers/CMSIS/Include/cmsis_gcc.h ****   #pragma GCC diagnostic push
  96:Drivers/CMSIS/Include/cmsis_gcc.h ****   #pragma GCC diagnostic ignored "-Wpacked"
  97:Drivers/CMSIS/Include/cmsis_gcc.h ****   #pragma GCC diagnostic ignored "-Wattributes"
  98:Drivers/CMSIS/Include/cmsis_gcc.h ****   __PACKED_STRUCT T_UINT32_WRITE { uint32_t v; };
  99:Drivers/CMSIS/Include/cmsis_gcc.h ****   #pragma GCC diagnostic pop
 100:Drivers/CMSIS/Include/cmsis_gcc.h ****   #define __UNALIGNED_UINT32_WRITE(addr, val)    (void)((((struct T_UINT32_WRITE *)(void *)(addr))-
 101:Drivers/CMSIS/Include/cmsis_gcc.h **** #endif
 102:Drivers/CMSIS/Include/cmsis_gcc.h **** #ifndef   __UNALIGNED_UINT32_READ
 103:Drivers/CMSIS/Include/cmsis_gcc.h ****   #pragma GCC diagnostic push
 104:Drivers/CMSIS/Include/cmsis_gcc.h ****   #pragma GCC diagnostic ignored "-Wpacked"
 105:Drivers/CMSIS/Include/cmsis_gcc.h ****   #pragma GCC diagnostic ignored "-Wattributes"
 106:Drivers/CMSIS/Include/cmsis_gcc.h ****   __PACKED_STRUCT T_UINT32_READ { uint32_t v; };
 107:Drivers/CMSIS/Include/cmsis_gcc.h ****   #pragma GCC diagnostic pop
 108:Drivers/CMSIS/Include/cmsis_gcc.h ****   #define __UNALIGNED_UINT32_READ(addr)          (((const struct T_UINT32_READ *)(const void *)(add
 109:Drivers/CMSIS/Include/cmsis_gcc.h **** #endif
 110:Drivers/CMSIS/Include/cmsis_gcc.h **** #ifndef   __ALIGNED
 111:Drivers/CMSIS/Include/cmsis_gcc.h ****   #define __ALIGNED(x)                           __attribute__((aligned(x)))
 112:Drivers/CMSIS/Include/cmsis_gcc.h **** #endif
 113:Drivers/CMSIS/Include/cmsis_gcc.h **** #ifndef   __RESTRICT
 114:Drivers/CMSIS/Include/cmsis_gcc.h ****   #define __RESTRICT                             __restrict
 115:Drivers/CMSIS/Include/cmsis_gcc.h **** #endif
 116:Drivers/CMSIS/Include/cmsis_gcc.h **** 
 117:Drivers/CMSIS/Include/cmsis_gcc.h **** 
 118:Drivers/CMSIS/Include/cmsis_gcc.h **** /* ###########################  Core Function Access  ########################### */
 119:Drivers/CMSIS/Include/cmsis_gcc.h **** /** \ingroup  CMSIS_Core_FunctionInterface
 120:Drivers/CMSIS/Include/cmsis_gcc.h ****     \defgroup CMSIS_Core_RegAccFunctions CMSIS Core Register Access Functions
 121:Drivers/CMSIS/Include/cmsis_gcc.h ****   @{
 122:Drivers/CMSIS/Include/cmsis_gcc.h ****  */
 123:Drivers/CMSIS/Include/cmsis_gcc.h **** 
 124:Drivers/CMSIS/Include/cmsis_gcc.h **** /**
 125:Drivers/CMSIS/Include/cmsis_gcc.h ****   \brief   Enable IRQ Interrupts
 126:Drivers/CMSIS/Include/cmsis_gcc.h ****   \details Enables IRQ interrupts by clearing the I-bit in the CPSR.
 127:Drivers/CMSIS/Include/cmsis_gcc.h ****            Can only be executed in Privileged modes.
 128:Drivers/CMSIS/Include/cmsis_gcc.h ****  */
 129:Drivers/CMSIS/Include/cmsis_gcc.h **** __STATIC_FORCEINLINE void __enable_irq(void)
 130:Drivers/CMSIS/Include/cmsis_gcc.h **** {
 131:Drivers/CMSIS/Include/cmsis_gcc.h ****   __ASM volatile ("cpsie i" : : : "memory");
 132:Drivers/CMSIS/Include/cmsis_gcc.h **** }
 133:Drivers/CMSIS/Include/cmsis_gcc.h **** 
 134:Drivers/CMSIS/Include/cmsis_gcc.h **** 
 135:Drivers/CMSIS/Include/cmsis_gcc.h **** /**
 136:Drivers/CMSIS/Include/cmsis_gcc.h ****   \brief   Disable IRQ Interrupts
 137:Drivers/CMSIS/Include/cmsis_gcc.h ****   \details Disables IRQ interrupts by setting the I-bit in the CPSR.
 138:Drivers/CMSIS/Include/cmsis_gcc.h ****            Can only be executed in Privileged modes.
 139:Drivers/CMSIS/Include/cmsis_gcc.h ****  */
 140:Drivers/CMSIS/Include/cmsis_gcc.h **** __STATIC_FORCEINLINE void __disable_irq(void)
 153              		.loc 2 140 27 view .LVU34
 154              	.LBB8:
 141:Drivers/CMSIS/Include/cmsis_gcc.h **** {
 142:Drivers/CMSIS/Include/cmsis_gcc.h ****   __ASM volatile ("cpsid i" : : : "memory");
 155              		.loc 2 142 3 view .LVU35
 156              		.syntax unified
ARM GAS  C:\Users\yjiangck\AppData\Local\Temp\ccgRXvKb.s 			page 10


 157              	@ 142 "Drivers/CMSIS/Include/cmsis_gcc.h" 1
 158 0000 72B6     		cpsid i
 159              	@ 0 "" 2
 160              		.thumb
 161              		.syntax unified
 162              	.L6:
 163              	.LBE8:
 164              	.LBE7:
 219:Core/Src/main.c ****   while (1)
 165              		.loc 1 219 3 discriminator 1 view .LVU36
 220:Core/Src/main.c ****   {
 221:Core/Src/main.c ****   }
 166              		.loc 1 221 3 discriminator 1 view .LVU37
 219:Core/Src/main.c ****   while (1)
 167              		.loc 1 219 9 discriminator 1 view .LVU38
 168 0002 FEE7     		b	.L6
 169              		.cfi_endproc
 170              	.LFE68:
 172              		.section	.text.SystemClock_Config,"ax",%progbits
 173              		.align	1
 174              		.global	SystemClock_Config
 175              		.syntax unified
 176              		.thumb
 177              		.thumb_func
 178              		.fpu softvfp
 180              	SystemClock_Config:
 181              	.LFB66:
 147:Core/Src/main.c ****   RCC_OscInitTypeDef RCC_OscInitStruct = {0};
 182              		.loc 1 147 1 view -0
 183              		.cfi_startproc
 184              		@ args = 0, pretend = 0, frame = 64
 185              		@ frame_needed = 0, uses_anonymous_args = 0
 186 0000 00B5     		push	{lr}
 187              	.LCFI3:
 188              		.cfi_def_cfa_offset 4
 189              		.cfi_offset 14, -4
 190 0002 91B0     		sub	sp, sp, #68
 191              	.LCFI4:
 192              		.cfi_def_cfa_offset 72
 148:Core/Src/main.c ****   RCC_ClkInitTypeDef RCC_ClkInitStruct = {0};
 193              		.loc 1 148 3 view .LVU40
 148:Core/Src/main.c ****   RCC_ClkInitTypeDef RCC_ClkInitStruct = {0};
 194              		.loc 1 148 22 is_stmt 0 view .LVU41
 195 0004 2822     		movs	r2, #40
 196 0006 0021     		movs	r1, #0
 197 0008 06A8     		add	r0, sp, #24
 198 000a FFF7FEFF 		bl	memset
 199              	.LVL2:
 149:Core/Src/main.c **** 
 200              		.loc 1 149 3 is_stmt 1 view .LVU42
 149:Core/Src/main.c **** 
 201              		.loc 1 149 22 is_stmt 0 view .LVU43
 202 000e 0023     		movs	r3, #0
 203 0010 0193     		str	r3, [sp, #4]
 204 0012 0293     		str	r3, [sp, #8]
 205 0014 0393     		str	r3, [sp, #12]
 206 0016 0493     		str	r3, [sp, #16]
ARM GAS  C:\Users\yjiangck\AppData\Local\Temp\ccgRXvKb.s 			page 11


 207 0018 0593     		str	r3, [sp, #20]
 154:Core/Src/main.c ****   RCC_OscInitStruct.HSEState = RCC_HSE_ON;
 208              		.loc 1 154 3 is_stmt 1 view .LVU44
 154:Core/Src/main.c ****   RCC_OscInitStruct.HSEState = RCC_HSE_ON;
 209              		.loc 1 154 36 is_stmt 0 view .LVU45
 210 001a 0122     		movs	r2, #1
 211 001c 0692     		str	r2, [sp, #24]
 155:Core/Src/main.c ****   RCC_OscInitStruct.HSEPredivValue = RCC_HSE_PREDIV_DIV1;
 212              		.loc 1 155 3 is_stmt 1 view .LVU46
 155:Core/Src/main.c ****   RCC_OscInitStruct.HSEPredivValue = RCC_HSE_PREDIV_DIV1;
 213              		.loc 1 155 30 is_stmt 0 view .LVU47
 214 001e 4FF48033 		mov	r3, #65536
 215 0022 0793     		str	r3, [sp, #28]
 156:Core/Src/main.c ****   RCC_OscInitStruct.HSIState = RCC_HSI_ON;
 216              		.loc 1 156 3 is_stmt 1 view .LVU48
 157:Core/Src/main.c ****   RCC_OscInitStruct.PLL.PLLState = RCC_PLL_ON;
 217              		.loc 1 157 3 view .LVU49
 157:Core/Src/main.c ****   RCC_OscInitStruct.PLL.PLLState = RCC_PLL_ON;
 218              		.loc 1 157 30 is_stmt 0 view .LVU50
 219 0024 0A92     		str	r2, [sp, #40]
 158:Core/Src/main.c ****   RCC_OscInitStruct.PLL.PLLSource = RCC_PLLSOURCE_HSE;
 220              		.loc 1 158 3 is_stmt 1 view .LVU51
 158:Core/Src/main.c ****   RCC_OscInitStruct.PLL.PLLSource = RCC_PLLSOURCE_HSE;
 221              		.loc 1 158 34 is_stmt 0 view .LVU52
 222 0026 0222     		movs	r2, #2
 223 0028 0D92     		str	r2, [sp, #52]
 159:Core/Src/main.c ****   RCC_OscInitStruct.PLL.PLLMUL = RCC_PLL_MUL9;
 224              		.loc 1 159 3 is_stmt 1 view .LVU53
 159:Core/Src/main.c ****   RCC_OscInitStruct.PLL.PLLMUL = RCC_PLL_MUL9;
 225              		.loc 1 159 35 is_stmt 0 view .LVU54
 226 002a 0E93     		str	r3, [sp, #56]
 160:Core/Src/main.c ****   if (HAL_RCC_OscConfig(&RCC_OscInitStruct) != HAL_OK)
 227              		.loc 1 160 3 is_stmt 1 view .LVU55
 160:Core/Src/main.c ****   if (HAL_RCC_OscConfig(&RCC_OscInitStruct) != HAL_OK)
 228              		.loc 1 160 32 is_stmt 0 view .LVU56
 229 002c 4FF4E013 		mov	r3, #1835008
 230 0030 0F93     		str	r3, [sp, #60]
 161:Core/Src/main.c ****   {
 231              		.loc 1 161 3 is_stmt 1 view .LVU57
 161:Core/Src/main.c ****   {
 232              		.loc 1 161 7 is_stmt 0 view .LVU58
 233 0032 06A8     		add	r0, sp, #24
 234 0034 FFF7FEFF 		bl	HAL_RCC_OscConfig
 235              	.LVL3:
 161:Core/Src/main.c ****   {
 236              		.loc 1 161 6 view .LVU59
 237 0038 80B9     		cbnz	r0, .L11
 167:Core/Src/main.c ****                               |RCC_CLOCKTYPE_PCLK1|RCC_CLOCKTYPE_PCLK2;
 238              		.loc 1 167 3 is_stmt 1 view .LVU60
 167:Core/Src/main.c ****                               |RCC_CLOCKTYPE_PCLK1|RCC_CLOCKTYPE_PCLK2;
 239              		.loc 1 167 31 is_stmt 0 view .LVU61
 240 003a 0F23     		movs	r3, #15
 241 003c 0193     		str	r3, [sp, #4]
 169:Core/Src/main.c ****   RCC_ClkInitStruct.AHBCLKDivider = RCC_SYSCLK_DIV1;
 242              		.loc 1 169 3 is_stmt 1 view .LVU62
 169:Core/Src/main.c ****   RCC_ClkInitStruct.AHBCLKDivider = RCC_SYSCLK_DIV1;
 243              		.loc 1 169 34 is_stmt 0 view .LVU63
ARM GAS  C:\Users\yjiangck\AppData\Local\Temp\ccgRXvKb.s 			page 12


 244 003e 0221     		movs	r1, #2
 245 0040 0291     		str	r1, [sp, #8]
 170:Core/Src/main.c ****   RCC_ClkInitStruct.APB1CLKDivider = RCC_HCLK_DIV2;
 246              		.loc 1 170 3 is_stmt 1 view .LVU64
 170:Core/Src/main.c ****   RCC_ClkInitStruct.APB1CLKDivider = RCC_HCLK_DIV2;
 247              		.loc 1 170 35 is_stmt 0 view .LVU65
 248 0042 0023     		movs	r3, #0
 249 0044 0393     		str	r3, [sp, #12]
 171:Core/Src/main.c ****   RCC_ClkInitStruct.APB2CLKDivider = RCC_HCLK_DIV1;
 250              		.loc 1 171 3 is_stmt 1 view .LVU66
 171:Core/Src/main.c ****   RCC_ClkInitStruct.APB2CLKDivider = RCC_HCLK_DIV1;
 251              		.loc 1 171 36 is_stmt 0 view .LVU67
 252 0046 4FF48062 		mov	r2, #1024
 253 004a 0492     		str	r2, [sp, #16]
 172:Core/Src/main.c **** 
 254              		.loc 1 172 3 is_stmt 1 view .LVU68
 172:Core/Src/main.c **** 
 255              		.loc 1 172 36 is_stmt 0 view .LVU69
 256 004c 0593     		str	r3, [sp, #20]
 174:Core/Src/main.c ****   {
 257              		.loc 1 174 3 is_stmt 1 view .LVU70
 174:Core/Src/main.c ****   {
 258              		.loc 1 174 7 is_stmt 0 view .LVU71
 259 004e 01A8     		add	r0, sp, #4
 260 0050 FFF7FEFF 		bl	HAL_RCC_ClockConfig
 261              	.LVL4:
 174:Core/Src/main.c ****   {
 262              		.loc 1 174 6 view .LVU72
 263 0054 20B9     		cbnz	r0, .L12
 178:Core/Src/main.c **** 
 264              		.loc 1 178 1 view .LVU73
 265 0056 11B0     		add	sp, sp, #68
 266              	.LCFI5:
 267              		.cfi_remember_state
 268              		.cfi_def_cfa_offset 4
 269              		@ sp needed
 270 0058 5DF804FB 		ldr	pc, [sp], #4
 271              	.L11:
 272              	.LCFI6:
 273              		.cfi_restore_state
 163:Core/Src/main.c ****   }
 274              		.loc 1 163 5 is_stmt 1 view .LVU74
 275 005c FFF7FEFF 		bl	Error_Handler
 276              	.LVL5:
 277              	.L12:
 176:Core/Src/main.c ****   }
 278              		.loc 1 176 5 view .LVU75
 279 0060 FFF7FEFF 		bl	Error_Handler
 280              	.LVL6:
 281              		.cfi_endproc
 282              	.LFE66:
 284              		.section	.text.main,"ax",%progbits
 285              		.align	1
 286              		.global	main
 287              		.syntax unified
 288              		.thumb
 289              		.thumb_func
ARM GAS  C:\Users\yjiangck\AppData\Local\Temp\ccgRXvKb.s 			page 13


 290              		.fpu softvfp
 292              	main:
 293              	.LFB65:
  65:Core/Src/main.c ****   /* USER CODE BEGIN 1 */
 294              		.loc 1 65 1 view -0
 295              		.cfi_startproc
 296              		@ Volatile: function does not return.
 297              		@ args = 0, pretend = 0, frame = 0
 298              		@ frame_needed = 0, uses_anonymous_args = 0
 299 0000 08B5     		push	{r3, lr}
 300              	.LCFI7:
 301              		.cfi_def_cfa_offset 8
 302              		.cfi_offset 3, -8
 303              		.cfi_offset 14, -4
  73:Core/Src/main.c **** 
 304              		.loc 1 73 3 view .LVU77
 305 0002 FFF7FEFF 		bl	HAL_Init
 306              	.LVL7:
  80:Core/Src/main.c **** 
 307              		.loc 1 80 3 view .LVU78
 308 0006 FFF7FEFF 		bl	SystemClock_Config
 309              	.LVL8:
  87:Core/Src/main.c ****   /* USER CODE BEGIN 2 */
 310              		.loc 1 87 3 view .LVU79
 311 000a FFF7FEFF 		bl	MX_GPIO_Init
 312              	.LVL9:
 313              	.L14:
  94:Core/Src/main.c ****   {
 314              		.loc 1 94 3 discriminator 1 view .LVU80
 101:Core/Src/main.c ****     HAL_Delay(100);
 315              		.loc 1 101 5 discriminator 1 view .LVU81
 316 000e 304C     		ldr	r4, .L16
 317 0010 0122     		movs	r2, #1
 318 0012 4FF40051 		mov	r1, #8192
 319 0016 2046     		mov	r0, r4
 320 0018 FFF7FEFF 		bl	HAL_GPIO_WritePin
 321              	.LVL10:
 102:Core/Src/main.c ****     // LED OFF
 322              		.loc 1 102 5 discriminator 1 view .LVU82
 323 001c 6420     		movs	r0, #100
 324 001e FFF7FEFF 		bl	HAL_Delay
 325              	.LVL11:
 104:Core/Src/main.c ****     HAL_Delay(100);
 326              		.loc 1 104 5 discriminator 1 view .LVU83
 327 0022 0022     		movs	r2, #0
 328 0024 4FF40051 		mov	r1, #8192
 329 0028 2046     		mov	r0, r4
 330 002a FFF7FEFF 		bl	HAL_GPIO_WritePin
 331              	.LVL12:
 105:Core/Src/main.c **** 
 332              		.loc 1 105 5 discriminator 1 view .LVU84
 333 002e 6420     		movs	r0, #100
 334 0030 FFF7FEFF 		bl	HAL_Delay
 335              	.LVL13:
 108:Core/Src/main.c ****     HAL_Delay(300);
 336              		.loc 1 108 5 discriminator 1 view .LVU85
 337 0034 0122     		movs	r2, #1
ARM GAS  C:\Users\yjiangck\AppData\Local\Temp\ccgRXvKb.s 			page 14


 338 0036 4FF40051 		mov	r1, #8192
 339 003a 2046     		mov	r0, r4
 340 003c FFF7FEFF 		bl	HAL_GPIO_WritePin
 341              	.LVL14:
 109:Core/Src/main.c ****     // LED OFF
 342              		.loc 1 109 5 discriminator 1 view .LVU86
 343 0040 4FF49670 		mov	r0, #300
 344 0044 FFF7FEFF 		bl	HAL_Delay
 345              	.LVL15:
 111:Core/Src/main.c ****     HAL_Delay(100);
 346              		.loc 1 111 5 discriminator 1 view .LVU87
 347 0048 0022     		movs	r2, #0
 348 004a 4FF40051 		mov	r1, #8192
 349 004e 2046     		mov	r0, r4
 350 0050 FFF7FEFF 		bl	HAL_GPIO_WritePin
 351              	.LVL16:
 112:Core/Src/main.c **** 
 352              		.loc 1 112 5 discriminator 1 view .LVU88
 353 0054 6420     		movs	r0, #100
 354 0056 FFF7FEFF 		bl	HAL_Delay
 355              	.LVL17:
 115:Core/Src/main.c ****     HAL_Delay(100);
 356              		.loc 1 115 5 discriminator 1 view .LVU89
 357 005a 0122     		movs	r2, #1
 358 005c 4FF40051 		mov	r1, #8192
 359 0060 2046     		mov	r0, r4
 360 0062 FFF7FEFF 		bl	HAL_GPIO_WritePin
 361              	.LVL18:
 116:Core/Src/main.c ****     // LED OFF
 362              		.loc 1 116 5 discriminator 1 view .LVU90
 363 0066 6420     		movs	r0, #100
 364 0068 FFF7FEFF 		bl	HAL_Delay
 365              	.LVL19:
 118:Core/Src/main.c ****     
 366              		.loc 1 118 5 discriminator 1 view .LVU91
 367 006c 0022     		movs	r2, #0
 368 006e 4FF40051 		mov	r1, #8192
 369 0072 2046     		mov	r0, r4
 370 0074 FFF7FEFF 		bl	HAL_GPIO_WritePin
 371              	.LVL20:
 120:Core/Src/main.c **** 
 372              		.loc 1 120 5 discriminator 1 view .LVU92
 373 0078 4FF49670 		mov	r0, #300
 374 007c FFF7FEFF 		bl	HAL_Delay
 375              	.LVL21:
 124:Core/Src/main.c ****     HAL_Delay(300);
 376              		.loc 1 124 5 discriminator 1 view .LVU93
 377 0080 0122     		movs	r2, #1
 378 0082 4FF40051 		mov	r1, #8192
 379 0086 2046     		mov	r0, r4
 380 0088 FFF7FEFF 		bl	HAL_GPIO_WritePin
 381              	.LVL22:
 125:Core/Src/main.c ****     // LED OFF
 382              		.loc 1 125 5 discriminator 1 view .LVU94
 383 008c 4FF49670 		mov	r0, #300
 384 0090 FFF7FEFF 		bl	HAL_Delay
 385              	.LVL23:
ARM GAS  C:\Users\yjiangck\AppData\Local\Temp\ccgRXvKb.s 			page 15


 127:Core/Src/main.c ****     HAL_Delay(100);
 386              		.loc 1 127 5 discriminator 1 view .LVU95
 387 0094 0022     		movs	r2, #0
 388 0096 4FF40051 		mov	r1, #8192
 389 009a 2046     		mov	r0, r4
 390 009c FFF7FEFF 		bl	HAL_GPIO_WritePin
 391              	.LVL24:
 128:Core/Src/main.c **** 
 392              		.loc 1 128 5 discriminator 1 view .LVU96
 393 00a0 6420     		movs	r0, #100
 394 00a2 FFF7FEFF 		bl	HAL_Delay
 395              	.LVL25:
 131:Core/Src/main.c ****     HAL_Delay(300);
 396              		.loc 1 131 5 discriminator 1 view .LVU97
 397 00a6 0122     		movs	r2, #1
 398 00a8 4FF40051 		mov	r1, #8192
 399 00ac 2046     		mov	r0, r4
 400 00ae FFF7FEFF 		bl	HAL_GPIO_WritePin
 401              	.LVL26:
 132:Core/Src/main.c ****     // LED OFF
 402              		.loc 1 132 5 discriminator 1 view .LVU98
 403 00b2 4FF49670 		mov	r0, #300
 404 00b6 FFF7FEFF 		bl	HAL_Delay
 405              	.LVL27:
 134:Core/Src/main.c **** 
 406              		.loc 1 134 5 discriminator 1 view .LVU99
 407 00ba 0022     		movs	r2, #0
 408 00bc 4FF40051 		mov	r1, #8192
 409 00c0 2046     		mov	r0, r4
 410 00c2 FFF7FEFF 		bl	HAL_GPIO_WritePin
 411              	.LVL28:
 136:Core/Src/main.c ****     
 412              		.loc 1 136 5 discriminator 1 view .LVU100
 413 00c6 4FF41670 		mov	r0, #600
 414 00ca FFF7FEFF 		bl	HAL_Delay
 415              	.LVL29:
  94:Core/Src/main.c ****   {
 416              		.loc 1 94 9 discriminator 1 view .LVU101
 417 00ce 9EE7     		b	.L14
 418              	.L17:
 419              		.align	2
 420              	.L16:
 421 00d0 00100140 		.word	1073811456
 422              		.cfi_endproc
 423              	.LFE65:
 425              		.text
 426              	.Letext0:
 427              		.file 3 "c:\\msys64\\mingw64\\arm-none-eabi\\include\\machine\\_default_types.h"
 428              		.file 4 "c:\\msys64\\mingw64\\arm-none-eabi\\include\\sys\\_stdint.h"
 429              		.file 5 "Drivers/CMSIS/Device/ST/STM32F1xx/Include/stm32f103xb.h"
 430              		.file 6 "Drivers/STM32F1xx_HAL_Driver/Inc/stm32f1xx_hal_rcc.h"
 431              		.file 7 "Drivers/STM32F1xx_HAL_Driver/Inc/stm32f1xx_hal_rcc_ex.h"
 432              		.file 8 "Drivers/STM32F1xx_HAL_Driver/Inc/stm32f1xx_hal_gpio.h"
 433              		.file 9 "Drivers/STM32F1xx_HAL_Driver/Inc/stm32f1xx_hal_def.h"
 434              		.file 10 "Drivers/STM32F1xx_HAL_Driver/Inc/stm32f1xx_hal.h"
 435              		.file 11 "<built-in>"
ARM GAS  C:\Users\yjiangck\AppData\Local\Temp\ccgRXvKb.s 			page 16


DEFINED SYMBOLS
                            *ABS*:0000000000000000 main.c
C:\Users\yjiangck\AppData\Local\Temp\ccgRXvKb.s:16     .text.MX_GPIO_Init:0000000000000000 $t
C:\Users\yjiangck\AppData\Local\Temp\ccgRXvKb.s:23     .text.MX_GPIO_Init:0000000000000000 MX_GPIO_Init
C:\Users\yjiangck\AppData\Local\Temp\ccgRXvKb.s:128    .text.MX_GPIO_Init:0000000000000070 $d
C:\Users\yjiangck\AppData\Local\Temp\ccgRXvKb.s:134    .text.Error_Handler:0000000000000000 $t
C:\Users\yjiangck\AppData\Local\Temp\ccgRXvKb.s:141    .text.Error_Handler:0000000000000000 Error_Handler
C:\Users\yjiangck\AppData\Local\Temp\ccgRXvKb.s:173    .text.SystemClock_Config:0000000000000000 $t
C:\Users\yjiangck\AppData\Local\Temp\ccgRXvKb.s:180    .text.SystemClock_Config:0000000000000000 SystemClock_Config
C:\Users\yjiangck\AppData\Local\Temp\ccgRXvKb.s:285    .text.main:0000000000000000 $t
C:\Users\yjiangck\AppData\Local\Temp\ccgRXvKb.s:292    .text.main:0000000000000000 main
C:\Users\yjiangck\AppData\Local\Temp\ccgRXvKb.s:421    .text.main:00000000000000d0 $d

UNDEFINED SYMBOLS
HAL_GPIO_WritePin
HAL_GPIO_Init
memset
HAL_RCC_OscConfig
HAL_RCC_ClockConfig
HAL_Init
HAL_Delay
